{"meta": {"format": 3, "version": "7.9.1", "timestamp": "2025-06-20T16:30:33.858130", "branch_coverage": false, "show_contexts": false}, "files": {"src/coral/__init__.py": {"executed_lines": [1, 5, 7, 8, 9, 10, 11, 12, 14], "summary": {"covered_lines": 8, "num_statements": 8, "percent_covered": 100.0, "percent_covered_display": "100", "missing_lines": 0, "excluded_lines": 0}, "missing_lines": [], "excluded_lines": [], "functions": {"": {"executed_lines": [1, 5, 7, 8, 9, 10, 11, 12, 14], "summary": {"covered_lines": 8, "num_statements": 8, "percent_covered": 100.0, "percent_covered_display": "100", "missing_lines": 0, "excluded_lines": 0}, "missing_lines": [], "excluded_lines": []}}, "classes": {"": {"executed_lines": [1, 5, 7, 8, 9, 10, 11, 12, 14], "summary": {"covered_lines": 8, "num_statements": 8, "percent_covered": 100.0, "percent_covered_display": "100", "missing_lines": 0, "excluded_lines": 0}, "missing_lines": [], "excluded_lines": []}}}, "src/coral/cli/__init__.py": {"executed_lines": [1, 3], "summary": {"covered_lines": 2, "num_statements": 2, "percent_covered": 100.0, "percent_covered_display": "100", "missing_lines": 0, "excluded_lines": 0}, "missing_lines": [], "excluded_lines": [], "functions": {"": {"executed_lines": [1, 3], "summary": {"covered_lines": 2, "num_statements": 2, "percent_covered": 100.0, "percent_covered_display": "100", "missing_lines": 0, "excluded_lines": 0}, "missing_lines": [], "excluded_lines": []}}, "classes": {"": {"executed_lines": [1, 3], "summary": {"covered_lines": 2, "num_statements": 2, "percent_covered": 100.0, "percent_covered_display": "100", "missing_lines": 0, "excluded_lines": 0}, "missing_lines": [], "excluded_lines": []}}}, "src/coral/cli/main.py": {"executed_lines": [2, 6, 7, 8, 9, 10, 11, 12, 14, 15, 17, 18, 19, 25, 26, 28, 29, 31, 33, 37, 40, 41, 44, 45, 48, 49, 52, 53, 54, 57, 60, 61, 64, 69, 72, 75, 76, 77, 78, 83, 84, 85, 88, 89, 90, 95, 96, 97, 98, 99, 104, 105, 106, 109, 114, 117, 118, 121, 124, 129, 132, 133, 136, 139, 144, 147, 148, 149, 152, 157, 160, 165, 168, 171, 175, 181, 186, 189, 192, 196, 201, 204, 209, 213, 217, 221, 227, 230, 234, 240, 243, 247, 253, 256, 260, 263, 269, 272, 273, 277, 283, 286, 287, 291, 297, 300, 301, 305, 311, 314, 315, 316, 320, 326, 329, 333, 339, 342, 347, 351, 355, 357, 359, 361, 362, 363, 366, 367, 368, 369, 370, 373, 374, 375, 376, 377, 378, 379, 380, 381, 382, 384, 386, 388, 390, 392, 394, 396, 398, 399, 400, 401, 402, 403, 404, 405, 407, 408, 409, 410, 411, 413, 415, 417, 418, 419, 420, 422, 424, 426, 428, 429, 430, 431, 432, 433, 434, 436, 438, 440, 441, 443, 444, 445, 446, 449, 450, 451, 452, 454, 455, 456, 462, 463, 465, 466, 469, 473, 476, 477, 481, 483, 485, 492, 496, 500, 502, 505, 506, 509, 510, 511, 512, 515, 518, 520, 521, 522, 523, 525, 527, 529, 531, 533, 535, 539, 540, 541, 543, 544, 545, 546, 547, 550, 552, 554, 556, 557, 559, 561, 563, 565, 567, 568, 570, 571, 572, 574, 575, 577, 578, 579, 581, 582, 584, 586, 588, 590, 591, 593, 594, 596, 598, 600, 602, 605, 606, 607, 608, 611, 612, 613, 614, 616, 617, 618, 619, 621, 622, 623, 624, 625, 627, 629, 631, 634, 635, 636, 637, 638, 640, 647, 649, 651, 653, 655, 657, 661, 662, 663, 664, 665, 667, 668, 669, 670, 673, 674, 675, 676, 677, 679, 681, 683, 685, 687, 688, 689, 691, 693, 695, 698, 699, 700, 701, 703, 707, 709, 710, 713, 721, 724, 725, 726, 727, 728, 730, 736, 738, 741, 742, 743, 744, 745, 746, 747, 748, 750, 751, 754, 758, 761, 764, 773, 774, 777, 780, 782, 783, 785, 791, 793, 794, 797, 802, 803, 806, 813, 815, 816, 819, 820, 821, 822, 825, 833, 834, 835, 837, 854, 855, 858, 861, 862, 863, 866, 867, 868, 869, 877, 880, 883, 884, 887, 893, 896, 897, 899, 900, 907, 908, 911, 912, 913, 914, 915, 916, 919, 920, 921, 923, 929, 931, 936, 937, 938, 939, 940, 941, 942, 943, 944, 945, 946, 947, 948, 949, 950, 951, 952, 953, 954, 955, 956, 957, 958, 959, 960, 961, 966, 968, 970, 971, 974, 979, 980, 981, 983, 984, 985, 986, 987, 988, 991, 992, 993, 994, 995, 996, 998, 1003, 1008, 1010, 1012, 1014, 1016, 1017, 1018, 1019, 1021, 1022, 1023, 1024, 1025, 1026, 1027, 1029, 1030, 1031, 1032, 1033, 1035, 1037, 1039, 1041, 1042, 1045, 1047, 1054, 1056, 1059, 1062, 1063, 1064, 1065, 1067, 1069, 1071, 1073, 1075, 1076, 1077, 1078, 1079, 1080, 1082, 1085, 1086, 1090, 1097, 1098, 1099, 1100, 1101, 1102, 1104, 1109, 1111, 1113, 1115, 1117, 1122, 1123, 1124, 1125, 1126, 1128, 1129, 1130, 1131, 1133, 1135, 1137, 1139, 1141, 1146, 1147, 1148, 1149, 1150, 1152, 1154, 1156, 1158, 1160, 1164, 1165, 1166, 1167, 1168, 1169, 1173, 1174, 1175, 1176, 1180, 1182, 1184, 1186, 1188, 1190, 1191, 1192, 1194, 1195, 1196, 1197, 1198, 1199, 1200, 1202, 1203, 1204, 1205, 1206, 1207, 1208, 1210, 1211, 1212, 1213, 1216, 1218, 1220, 1222, 1224, 1226, 1228, 1229, 1245, 1246, 1248, 1250, 1252, 1254, 1255, 1256, 1257, 1260, 1261, 1262, 1276, 1277, 1278, 1279, 1280, 1281, 1282, 1283, 1284, 1286, 1288, 1290, 1291, 1292, 1293, 1295, 1297, 1299, 1301, 1303, 1305, 1309, 1310, 1311, 1312, 1314, 1315, 1316, 1318, 1319, 1320, 1321, 1323, 1324, 1325, 1326, 1327, 1330, 1332, 1334, 1336, 1338, 1340, 1341, 1342, 1343, 1345, 1346, 1347, 1348, 1350, 1351, 1352, 1353, 1355, 1356, 1357, 1358, 1359, 1362, 1366, 1368, 1370, 1372, 1373, 1374, 1375, 1377, 1379, 1380, 1381, 1383, 1384, 1387, 1392, 1394, 1402, 1407, 1408, 1409, 1411, 1420, 1421, 1422, 1423, 1424, 1428, 1437, 1439, 1441, 1443, 1444, 1445, 1446, 1447, 1450, 1451, 1452, 1453, 1454, 1455, 1456, 1459, 1460, 1461, 1465, 1475, 1477, 1479, 1516, 1517, 1527, 1532, 1535, 1537, 1538, 1541, 1542], "summary": {"covered_lines": 717, "num_statements": 819, "percent_covered": 87.54578754578755, "percent_covered_display": "88", "missing_lines": 102, "excluded_lines": 0}, "missing_lines": [383, 385, 387, 389, 391, 393, 395, 397, 479, 498, 516, 536, 537, 548, 658, 659, 704, 732, 733, 734, 755, 759, 778, 787, 788, 789, 798, 799, 807, 808, 810, 811, 840, 841, 843, 850, 851, 881, 925, 926, 927, 932, 933, 963, 964, 999, 1000, 1001, 1004, 1005, 1006, 1046, 1049, 1050, 1051, 1053, 1087, 1088, 1105, 1106, 1107, 1161, 1162, 1230, 1231, 1232, 1233, 1234, 1235, 1236, 1237, 1238, 1239, 1240, 1241, 1242, 1243, 1263, 1264, 1265, 1266, 1267, 1268, 1270, 1271, 1272, 1273, 1274, 1306, 1328, 1364, 1429, 1430, 1435, 1466, 1467, 1468, 1469, 1470, 1471, 1472, 1473], "excluded_lines": [], "functions": {"CoralCLI.__init__": {"executed_lines": [29], "summary": {"covered_lines": 1, "num_statements": 1, "percent_covered": 100.0, "percent_covered_display": "100", "missing_lines": 0, "excluded_lines": 0}, "missing_lines": [], "excluded_lines": []}, "CoralCLI._create_parser": {"executed_lines": [33, 37, 40, 41, 44, 45, 48, 49, 52, 53, 54, 57, 60, 61, 64, 69, 72, 75, 76, 77, 78, 83, 84, 85, 88, 89, 90, 95, 96, 97, 98, 99, 104, 105, 106, 109, 114, 117, 118, 121, 124, 129, 132, 133, 136, 139, 144, 147, 148, 149, 152, 157, 160, 165, 168, 171, 175, 181, 186, 189, 192, 196, 201, 204, 209, 213, 217, 221, 227, 230, 234, 240, 243, 247, 253, 256, 260, 263, 269, 272, 273, 277, 283, 286, 287, 291, 297, 300, 301, 305, 311, 314, 315, 316, 320, 326, 329, 333, 339, 342, 347, 351, 355], "summary": {"covered_lines": 103, "num_statements": 103, "percent_covered": 100.0, "percent_covered_display": "100", "missing_lines": 0, "excluded_lines": 0}, "missing_lines": [], "excluded_lines": []}, "CoralCLI.run": {"executed_lines": [359, 361, 362, 363, 366, 367, 368, 369, 370, 373, 374, 375, 376, 377, 378, 379, 380, 381, 382, 384, 386, 388, 390, 392, 394, 396, 398, 399, 400, 401, 402, 403, 404, 405, 407, 408, 409, 410, 411], "summary": {"covered_lines": 39, "num_statements": 47, "percent_covered": 82.97872340425532, "percent_covered_display": "83", "missing_lines": 8, "excluded_lines": 0}, "missing_lines": [383, 385, 387, 389, 391, 393, 395, 397], "excluded_lines": []}, "CoralCLI._find_repo_root": {"executed_lines": [415, 417, 418, 419, 420, 422], "summary": {"covered_lines": 6, "num_statements": 6, "percent_covered": 100.0, "percent_covered_display": "100", "missing_lines": 0, "excluded_lines": 0}, "missing_lines": [], "excluded_lines": []}, "CoralCLI._cmd_init": {"executed_lines": [426, 428, 429, 430, 431, 432, 433, 434], "summary": {"covered_lines": 8, "num_statements": 8, "percent_covered": 100.0, "percent_covered_display": "100", "missing_lines": 0, "excluded_lines": 0}, "missing_lines": [], "excluded_lines": []}, "CoralCLI._cmd_add": {"executed_lines": [438, 440, 441, 443, 444, 445, 446, 449, 450, 451, 452, 454, 455, 456, 462, 463, 465, 466, 469, 473, 476, 477], "summary": {"covered_lines": 22, "num_statements": 23, "percent_covered": 95.65217391304348, "percent_covered_display": "96", "missing_lines": 1, "excluded_lines": 0}, "missing_lines": [479], "excluded_lines": []}, "CoralCLI._cmd_commit": {"executed_lines": [483, 485, 492, 496], "summary": {"covered_lines": 4, "num_statements": 5, "percent_covered": 80.0, "percent_covered_display": "80", "missing_lines": 1, "excluded_lines": 0}, "missing_lines": [498], "excluded_lines": []}, "CoralCLI._cmd_status": {"executed_lines": [502, 505, 506, 509, 510, 511, 512, 515, 518, 520, 521, 522, 523, 525, 527], "summary": {"covered_lines": 15, "num_statements": 16, "percent_covered": 93.75, "percent_covered_display": "94", "missing_lines": 1, "excluded_lines": 0}, "missing_lines": [516], "excluded_lines": []}, "CoralCLI._cmd_log": {"executed_lines": [531, 533, 535, 539, 540, 541, 543, 544, 545, 546, 547, 550], "summary": {"covered_lines": 12, "num_statements": 15, "percent_covered": 80.0, "percent_covered_display": "80", "missing_lines": 3, "excluded_lines": 0}, "missing_lines": [536, 537, 548], "excluded_lines": []}, "CoralCLI._cmd_checkout": {"executed_lines": [554, 556, 557, 559], "summary": {"covered_lines": 4, "num_statements": 4, "percent_covered": 100.0, "percent_covered_display": "100", "missing_lines": 0, "excluded_lines": 0}, "missing_lines": [], "excluded_lines": []}, "CoralCLI._cmd_branch": {"executed_lines": [563, 565, 567, 568, 570, 571, 572, 574, 575, 577, 578, 579, 581, 582, 584], "summary": {"covered_lines": 15, "num_statements": 15, "percent_covered": 100.0, "percent_covered_display": "100", "missing_lines": 0, "excluded_lines": 0}, "missing_lines": [], "excluded_lines": []}, "CoralCLI._cmd_merge": {"executed_lines": [588, 590, 591, 593, 594, 596], "summary": {"covered_lines": 6, "num_statements": 6, "percent_covered": 100.0, "percent_covered_display": "100", "missing_lines": 0, "excluded_lines": 0}, "missing_lines": [], "excluded_lines": []}, "CoralCLI._cmd_diff": {"executed_lines": [600, 602, 605, 606, 607, 608, 611, 612, 613, 614, 616, 617, 618, 619, 621, 622, 623, 624, 625, 627], "summary": {"covered_lines": 20, "num_statements": 20, "percent_covered": 100.0, "percent_covered_display": "100", "missing_lines": 0, "excluded_lines": 0}, "missing_lines": [], "excluded_lines": []}, "CoralCLI._cmd_tag": {"executed_lines": [631, 634, 635, 636, 637, 638, 640, 647, 649], "summary": {"covered_lines": 9, "num_statements": 9, "percent_covered": 100.0, "percent_covered_display": "100", "missing_lines": 0, "excluded_lines": 0}, "missing_lines": [], "excluded_lines": []}, "CoralCLI._cmd_show": {"executed_lines": [653, 655, 657, 661, 662, 663, 664, 665, 667, 668, 669, 670, 673, 674, 675, 676, 677, 679], "summary": {"covered_lines": 18, "num_statements": 20, "percent_covered": 90.0, "percent_covered_display": "90", "missing_lines": 2, "excluded_lines": 0}, "missing_lines": [658, 659], "excluded_lines": []}, "CoralCLI._cmd_gc": {"executed_lines": [683, 685, 687, 688, 689, 691], "summary": {"covered_lines": 6, "num_statements": 6, "percent_covered": 100.0, "percent_covered_display": "100", "missing_lines": 0, "excluded_lines": 0}, "missing_lines": [], "excluded_lines": []}, "CoralCLI._cmd_import_safetensors": {"executed_lines": [695, 698, 699, 700, 701, 703, 707, 709, 710, 713, 721, 724, 725, 726, 727, 728, 730], "summary": {"covered_lines": 17, "num_statements": 21, "percent_covered": 80.95238095238095, "percent_covered_display": "81", "missing_lines": 4, "excluded_lines": 0}, "missing_lines": [704, 732, 733, 734], "excluded_lines": []}, "CoralCLI._cmd_export_safetensors": {"executed_lines": [738, 741, 742, 743, 744, 745, 746, 747, 748, 750, 751, 754, 758, 761, 764, 773, 774, 777, 780, 782, 783, 785], "summary": {"covered_lines": 22, "num_statements": 28, "percent_covered": 78.57142857142857, "percent_covered_display": "79", "missing_lines": 6, "excluded_lines": 0}, "missing_lines": [755, 759, 778, 787, 788, 789], "excluded_lines": []}, "CoralCLI._cmd_convert": {"executed_lines": [793, 794, 797, 802, 803, 806, 813, 815, 816, 819, 820, 821, 822, 825, 833, 834, 835, 837, 854, 855, 858, 861, 862, 863, 866, 867, 868, 869, 877, 880, 883, 884, 887, 893, 896, 897, 899, 900, 907, 908, 911, 912, 913, 914, 915, 916, 919, 920, 921, 923], "summary": {"covered_lines": 50, "num_statements": 65, "percent_covered": 76.92307692307692, "percent_covered_display": "77", "missing_lines": 15, "excluded_lines": 0}, "missing_lines": [798, 799, 807, 808, 810, 811, 840, 841, 843, 850, 851, 881, 925, 926, 927], "excluded_lines": []}, "CoralCLI._cmd_cluster": {"executed_lines": [931, 936, 937, 938, 939, 940, 941, 942, 943, 944, 945, 946, 947, 948, 949, 950, 951, 952, 953, 954, 955, 956, 957, 958, 959, 960, 961], "summary": {"covered_lines": 27, "num_statements": 31, "percent_covered": 87.09677419354838, "percent_covered_display": "87", "missing_lines": 4, "excluded_lines": 0}, "missing_lines": [932, 933, 963, 964], "excluded_lines": []}, "CoralCLI._cmd_cluster_analyze": {"executed_lines": [968, 970, 971, 974, 979, 980, 981, 983, 984, 985, 986, 987, 988, 991, 992, 993, 994, 995, 996, 998, 1003, 1008], "summary": {"covered_lines": 22, "num_statements": 28, "percent_covered": 78.57142857142857, "percent_covered_display": "79", "missing_lines": 6, "excluded_lines": 0}, "missing_lines": [999, 1000, 1001, 1004, 1005, 1006], "excluded_lines": []}, "CoralCLI._cmd_cluster_status": {"executed_lines": [1012, 1014, 1016, 1017, 1018, 1019, 1021, 1022, 1023, 1024, 1025, 1026, 1027, 1029, 1030, 1031, 1032, 1033, 1035], "summary": {"covered_lines": 19, "num_statements": 19, "percent_covered": 100.0, "percent_covered_display": "100", "missing_lines": 0, "excluded_lines": 0}, "missing_lines": [], "excluded_lines": []}, "CoralCLI._cmd_cluster_report": {"executed_lines": [1039, 1041, 1042, 1045, 1047, 1054, 1056, 1059, 1062, 1063, 1064, 1065, 1067, 1069], "summary": {"covered_lines": 14, "num_statements": 19, "percent_covered": 73.6842105263158, "percent_covered_display": "74", "missing_lines": 5, "excluded_lines": 0}, "missing_lines": [1046, 1049, 1050, 1051, 1053], "excluded_lines": []}, "CoralCLI._cmd_cluster_create": {"executed_lines": [1073, 1075, 1076, 1077, 1078, 1079, 1080, 1082, 1085, 1086, 1090, 1097, 1098, 1099, 1100, 1101, 1102, 1104, 1109], "summary": {"covered_lines": 19, "num_statements": 22, "percent_covered": 86.36363636363636, "percent_covered_display": "86", "missing_lines": 3, "excluded_lines": 0}, "missing_lines": [1105, 1106, 1107], "excluded_lines": []}, "CoralCLI._cmd_cluster_create.progress_callback": {"executed_lines": [], "summary": {"covered_lines": 0, "num_statements": 2, "percent_covered": 0.0, "percent_covered_display": "0", "missing_lines": 2, "excluded_lines": 0}, "missing_lines": [1087, 1088], "excluded_lines": []}, "CoralCLI._cmd_cluster_optimize": {"executed_lines": [1113, 1115, 1117, 1122, 1123, 1124, 1125, 1126, 1128, 1129, 1130, 1131, 1133], "summary": {"covered_lines": 13, "num_statements": 13, "percent_covered": 100.0, "percent_covered_display": "100", "missing_lines": 0, "excluded_lines": 0}, "missing_lines": [], "excluded_lines": []}, "CoralCLI._cmd_cluster_rebalance": {"executed_lines": [1137, 1139, 1141, 1146, 1147, 1148, 1149, 1150, 1152], "summary": {"covered_lines": 9, "num_statements": 9, "percent_covered": 100.0, "percent_covered_display": "100", "missing_lines": 0, "excluded_lines": 0}, "missing_lines": [], "excluded_lines": []}, "CoralCLI._cmd_cluster_list": {"executed_lines": [1156, 1158, 1160, 1164, 1165, 1166, 1167, 1168, 1169, 1173, 1174, 1175, 1176, 1180, 1182], "summary": {"covered_lines": 15, "num_statements": 17, "percent_covered": 88.23529411764706, "percent_covered_display": "88", "missing_lines": 2, "excluded_lines": 0}, "missing_lines": [1161, 1162], "excluded_lines": []}, "CoralCLI._cmd_cluster_info": {"executed_lines": [1186, 1188, 1190, 1191, 1192, 1194, 1195, 1196, 1197, 1198, 1199, 1200, 1202, 1203, 1204, 1205, 1206, 1207, 1208, 1210, 1211, 1212, 1213, 1216], "summary": {"covered_lines": 24, "num_statements": 24, "percent_covered": 100.0, "percent_covered_display": "100", "missing_lines": 0, "excluded_lines": 0}, "missing_lines": [], "excluded_lines": []}, "CoralCLI._cmd_cluster_export": {"executed_lines": [1220, 1222, 1224, 1226, 1228, 1229, 1245, 1246, 1248], "summary": {"covered_lines": 9, "num_statements": 23, "percent_covered": 39.130434782608695, "percent_covered_display": "39", "missing_lines": 14, "excluded_lines": 0}, "missing_lines": [1230, 1231, 1232, 1233, 1234, 1235, 1236, 1237, 1238, 1239, 1240, 1241, 1242, 1243], "excluded_lines": []}, "CoralCLI._cmd_cluster_import": {"executed_lines": [1252, 1254, 1255, 1256, 1257, 1260, 1261, 1262, 1276, 1277, 1278, 1279, 1280, 1281, 1282, 1283, 1284, 1286, 1288, 1290, 1291, 1292, 1293, 1295], "summary": {"covered_lines": 24, "num_statements": 35, "percent_covered": 68.57142857142857, "percent_covered_display": "69", "missing_lines": 11, "excluded_lines": 0}, "missing_lines": [1263, 1264, 1265, 1266, 1267, 1268, 1270, 1271, 1272, 1273, 1274], "excluded_lines": []}, "CoralCLI._cmd_cluster_compare": {"executed_lines": [1299, 1301, 1303, 1305, 1309, 1310, 1311, 1312, 1314, 1315, 1316, 1318, 1319, 1320, 1321, 1323, 1324, 1325, 1326, 1327, 1330], "summary": {"covered_lines": 21, "num_statements": 23, "percent_covered": 91.30434782608695, "percent_covered_display": "91", "missing_lines": 2, "excluded_lines": 0}, "missing_lines": [1306, 1328], "excluded_lines": []}, "CoralCLI._cmd_cluster_validate": {"executed_lines": [1334, 1336, 1338, 1340, 1341, 1342, 1343, 1345, 1346, 1347, 1348, 1350, 1351, 1352, 1353, 1355, 1356, 1357, 1358, 1359, 1362], "summary": {"covered_lines": 21, "num_statements": 22, "percent_covered": 95.45454545454545, "percent_covered_display": "95", "missing_lines": 1, "excluded_lines": 0}, "missing_lines": [1364], "excluded_lines": []}, "CoralCLI._cmd_cluster_benchmark": {"executed_lines": [1368, 1370, 1372, 1373, 1374, 1375, 1377, 1379, 1380, 1381, 1383, 1384, 1387, 1392, 1394, 1402, 1407, 1408, 1409, 1411, 1420, 1421, 1422, 1423, 1424, 1428, 1437], "summary": {"covered_lines": 27, "num_statements": 30, "percent_covered": 90.0, "percent_covered_display": "90", "missing_lines": 3, "excluded_lines": 0}, "missing_lines": [1429, 1430, 1435], "excluded_lines": []}, "CoralCLI._format_text_report": {"executed_lines": [1441, 1443, 1444, 1445, 1446, 1447, 1450, 1451, 1452, 1453, 1454, 1455, 1456, 1459, 1460, 1461, 1465, 1475], "summary": {"covered_lines": 18, "num_statements": 26, "percent_covered": 69.23076923076923, "percent_covered_display": "69", "missing_lines": 8, "excluded_lines": 0}, "missing_lines": [1466, 1467, 1468, 1469, 1470, 1471, 1472, 1473], "excluded_lines": []}, "CoralCLI._generate_html_report": {"executed_lines": [1479, 1516, 1517, 1527, 1532], "summary": {"covered_lines": 5, "num_statements": 5, "percent_covered": 100.0, "percent_covered_display": "100", "missing_lines": 0, "excluded_lines": 0}, "missing_lines": [], "excluded_lines": []}, "main": {"executed_lines": [1537, 1538], "summary": {"covered_lines": 2, "num_statements": 2, "percent_covered": 100.0, "percent_covered_display": "100", "missing_lines": 0, "excluded_lines": 0}, "missing_lines": [], "excluded_lines": []}, "": {"executed_lines": [2, 6, 7, 8, 9, 10, 11, 12, 14, 15, 17, 18, 19, 25, 26, 28, 31, 357, 413, 424, 436, 481, 500, 529, 552, 561, 586, 598, 629, 651, 681, 693, 736, 791, 929, 966, 1010, 1037, 1071, 1111, 1135, 1154, 1184, 1218, 1250, 1297, 1332, 1366, 1439, 1477, 1535, 1541, 1542], "summary": {"covered_lines": 51, "num_statements": 51, "percent_covered": 100.0, "percent_covered_display": "100", "missing_lines": 0, "excluded_lines": 0}, "missing_lines": [], "excluded_lines": []}}, "classes": {"CoralCLI": {"executed_lines": [29, 33, 37, 40, 41, 44, 45, 48, 49, 52, 53, 54, 57, 60, 61, 64, 69, 72, 75, 76, 77, 78, 83, 84, 85, 88, 89, 90, 95, 96, 97, 98, 99, 104, 105, 106, 109, 114, 117, 118, 121, 124, 129, 132, 133, 136, 139, 144, 147, 148, 149, 152, 157, 160, 165, 168, 171, 175, 181, 186, 189, 192, 196, 201, 204, 209, 213, 217, 221, 227, 230, 234, 240, 243, 247, 253, 256, 260, 263, 269, 272, 273, 277, 283, 286, 287, 291, 297, 300, 301, 305, 311, 314, 315, 316, 320, 326, 329, 333, 339, 342, 347, 351, 355, 359, 361, 362, 363, 366, 367, 368, 369, 370, 373, 374, 375, 376, 377, 378, 379, 380, 381, 382, 384, 386, 388, 390, 392, 394, 396, 398, 399, 400, 401, 402, 403, 404, 405, 407, 408, 409, 410, 411, 415, 417, 418, 419, 420, 422, 426, 428, 429, 430, 431, 432, 433, 434, 438, 440, 441, 443, 444, 445, 446, 449, 450, 451, 452, 454, 455, 456, 462, 463, 465, 466, 469, 473, 476, 477, 483, 485, 492, 496, 502, 505, 506, 509, 510, 511, 512, 515, 518, 520, 521, 522, 523, 525, 527, 531, 533, 535, 539, 540, 541, 543, 544, 545, 546, 547, 550, 554, 556, 557, 559, 563, 565, 567, 568, 570, 571, 572, 574, 575, 577, 578, 579, 581, 582, 584, 588, 590, 591, 593, 594, 596, 600, 602, 605, 606, 607, 608, 611, 612, 613, 614, 616, 617, 618, 619, 621, 622, 623, 624, 625, 627, 631, 634, 635, 636, 637, 638, 640, 647, 649, 653, 655, 657, 661, 662, 663, 664, 665, 667, 668, 669, 670, 673, 674, 675, 676, 677, 679, 683, 685, 687, 688, 689, 691, 695, 698, 699, 700, 701, 703, 707, 709, 710, 713, 721, 724, 725, 726, 727, 728, 730, 738, 741, 742, 743, 744, 745, 746, 747, 748, 750, 751, 754, 758, 761, 764, 773, 774, 777, 780, 782, 783, 785, 793, 794, 797, 802, 803, 806, 813, 815, 816, 819, 820, 821, 822, 825, 833, 834, 835, 837, 854, 855, 858, 861, 862, 863, 866, 867, 868, 869, 877, 880, 883, 884, 887, 893, 896, 897, 899, 900, 907, 908, 911, 912, 913, 914, 915, 916, 919, 920, 921, 923, 931, 936, 937, 938, 939, 940, 941, 942, 943, 944, 945, 946, 947, 948, 949, 950, 951, 952, 953, 954, 955, 956, 957, 958, 959, 960, 961, 968, 970, 971, 974, 979, 980, 981, 983, 984, 985, 986, 987, 988, 991, 992, 993, 994, 995, 996, 998, 1003, 1008, 1012, 1014, 1016, 1017, 1018, 1019, 1021, 1022, 1023, 1024, 1025, 1026, 1027, 1029, 1030, 1031, 1032, 1033, 1035, 1039, 1041, 1042, 1045, 1047, 1054, 1056, 1059, 1062, 1063, 1064, 1065, 1067, 1069, 1073, 1075, 1076, 1077, 1078, 1079, 1080, 1082, 1085, 1086, 1090, 1097, 1098, 1099, 1100, 1101, 1102, 1104, 1109, 1113, 1115, 1117, 1122, 1123, 1124, 1125, 1126, 1128, 1129, 1130, 1131, 1133, 1137, 1139, 1141, 1146, 1147, 1148, 1149, 1150, 1152, 1156, 1158, 1160, 1164, 1165, 1166, 1167, 1168, 1169, 1173, 1174, 1175, 1176, 1180, 1182, 1186, 1188, 1190, 1191, 1192, 1194, 1195, 1196, 1197, 1198, 1199, 1200, 1202, 1203, 1204, 1205, 1206, 1207, 1208, 1210, 1211, 1212, 1213, 1216, 1220, 1222, 1224, 1226, 1228, 1229, 1245, 1246, 1248, 1252, 1254, 1255, 1256, 1257, 1260, 1261, 1262, 1276, 1277, 1278, 1279, 1280, 1281, 1282, 1283, 1284, 1286, 1288, 1290, 1291, 1292, 1293, 1295, 1299, 1301, 1303, 1305, 1309, 1310, 1311, 1312, 1314, 1315, 1316, 1318, 1319, 1320, 1321, 1323, 1324, 1325, 1326, 1327, 1330, 1334, 1336, 1338, 1340, 1341, 1342, 1343, 1345, 1346, 1347, 1348, 1350, 1351, 1352, 1353, 1355, 1356, 1357, 1358, 1359, 1362, 1368, 1370, 1372, 1373, 1374, 1375, 1377, 1379, 1380, 1381, 1383, 1384, 1387, 1392, 1394, 1402, 1407, 1408, 1409, 1411, 1420, 1421, 1422, 1423, 1424, 1428, 1437, 1441, 1443, 1444, 1445, 1446, 1447, 1450, 1451, 1452, 1453, 1454, 1455, 1456, 1459, 1460, 1461, 1465, 1475, 1479, 1516, 1517, 1527, 1532], "summary": {"covered_lines": 664, "num_statements": 766, "percent_covered": 86.68407310704961, "percent_covered_display": "87", "missing_lines": 102, "excluded_lines": 0}, "missing_lines": [383, 385, 387, 389, 391, 393, 395, 397, 479, 498, 516, 536, 537, 548, 658, 659, 704, 732, 733, 734, 755, 759, 778, 787, 788, 789, 798, 799, 807, 808, 810, 811, 840, 841, 843, 850, 851, 881, 925, 926, 927, 932, 933, 963, 964, 999, 1000, 1001, 1004, 1005, 1006, 1046, 1049, 1050, 1051, 1053, 1087, 1088, 1105, 1106, 1107, 1161, 1162, 1230, 1231, 1232, 1233, 1234, 1235, 1236, 1237, 1238, 1239, 1240, 1241, 1242, 1243, 1263, 1264, 1265, 1266, 1267, 1268, 1270, 1271, 1272, 1273, 1274, 1306, 1328, 1364, 1429, 1430, 1435, 1466, 1467, 1468, 1469, 1470, 1471, 1472, 1473], "excluded_lines": []}, "": {"executed_lines": [2, 6, 7, 8, 9, 10, 11, 12, 14, 15, 17, 18, 19, 25, 26, 28, 31, 357, 413, 424, 436, 481, 500, 529, 552, 561, 586, 598, 629, 651, 681, 693, 736, 791, 929, 966, 1010, 1037, 1071, 1111, 1135, 1154, 1184, 1218, 1250, 1297, 1332, 1366, 1439, 1477, 1535, 1537, 1538, 1541, 1542], "summary": {"covered_lines": 53, "num_statements": 53, "percent_covered": 100.0, "percent_covered_display": "100", "missing_lines": 0, "excluded_lines": 0}, "missing_lines": [], "excluded_lines": []}}}, "src/coral/clustering/__init__.py": {"executed_lines": [1, 34, 35, 36, 37, 38, 39, 40, 48, 51, 52, 55, 91, 96, 101, 118, 139, 144], "summary": {"covered_lines": 17, "num_statements": 25, "percent_covered": 68.0, "percent_covered_display": "68", "missing_lines": 8, "excluded_lines": 0}, "missing_lines": [93, 98, 115, 132, 133, 135, 141, 146], "excluded_lines": [], "functions": {"get_supported_strategies": {"executed_lines": [], "summary": {"covered_lines": 0, "num_statements": 1, "percent_covered": 0.0, "percent_covered_display": "0", "missing_lines": 1, "excluded_lines": 0}, "missing_lines": [93], "excluded_lines": []}, "get_supported_levels": {"executed_lines": [], "summary": {"covered_lines": 0, "num_statements": 1, "percent_covered": 0.0, "percent_covered_display": "0", "missing_lines": 1, "excluded_lines": 0}, "missing_lines": [98], "excluded_lines": []}, "create_default_config": {"executed_lines": [], "summary": {"covered_lines": 0, "num_statements": 1, "percent_covered": 0.0, "percent_covered_display": "0", "missing_lines": 1, "excluded_lines": 0}, "missing_lines": [115], "excluded_lines": []}, "create_hierarchical_config": {"executed_lines": [], "summary": {"covered_lines": 0, "num_statements": 3, "percent_covered": 0.0, "percent_covered_display": "0", "missing_lines": 3, "excluded_lines": 0}, "missing_lines": [132, 133, 135], "excluded_lines": []}, "is_compatible_with_delta_encoding": {"executed_lines": [], "summary": {"covered_lines": 0, "num_statements": 1, "percent_covered": 0.0, "percent_covered_display": "0", "missing_lines": 1, "excluded_lines": 0}, "missing_lines": [141], "excluded_lines": []}, "get_recommended_config_for_delta": {"executed_lines": [], "summary": {"covered_lines": 0, "num_statements": 1, "percent_covered": 0.0, "percent_covered_display": "0", "missing_lines": 1, "excluded_lines": 0}, "missing_lines": [146], "excluded_lines": []}, "": {"executed_lines": [1, 34, 35, 36, 37, 38, 39, 40, 48, 51, 52, 55, 91, 96, 101, 118, 139, 144], "summary": {"covered_lines": 17, "num_statements": 17, "percent_covered": 100.0, "percent_covered_display": "100", "missing_lines": 0, "excluded_lines": 0}, "missing_lines": [], "excluded_lines": []}}, "classes": {"": {"executed_lines": [1, 34, 35, 36, 37, 38, 39, 40, 48, 51, 52, 55, 91, 96, 101, 118, 139, 144], "summary": {"covered_lines": 17, "num_statements": 25, "percent_covered": 68.0, "percent_covered_display": "68", "missing_lines": 8, "excluded_lines": 0}, "missing_lines": [93, 98, 115, 132, 133, 135, 141, 146], "excluded_lines": []}}}, "src/coral/clustering/centroid_encoder.py": {"executed_lines": [1, 3, 4, 5, 6, 7, 8, 10, 11, 12, 15, 18, 19, 27, 34, 35, 36, 38, 41, 42, 43, 44, 47, 48, 49, 52, 54, 56, 73, 75, 78, 79, 80, 83, 86, 87, 90, 91, 96, 97, 100, 103, 104, 105, 107, 109, 110, 111, 113, 128, 130, 131, 137, 139, 141, 142, 143, 145, 162, 166, 167, 169, 170, 173, 176, 178, 180, 181, 182, 183, 190, 193, 194, 197, 198, 199, 200, 201, 206, 208, 210, 226, 229, 231, 233, 234, 235, 238, 239, 242, 243, 246, 247, 248, 249, 250, 256, 257, 258, 259, 261, 263, 278, 281, 282, 284, 285, 287, 288, 291, 294, 295, 296, 298, 299, 300, 306, 307, 309, 311, 326, 329, 331, 332, 334, 342, 357, 359, 360, 363, 365, 367, 368, 370, 384, 386, 388, 404, 406, 410, 413, 416, 418, 427, 429, 444, 451, 452, 453, 455, 456, 458, 461, 462, 463, 465, 468, 470, 476, 477, 478, 484, 490, 505, 509, 512, 513, 514, 519, 522, 526, 534, 551, 553, 554, 557, 559, 561, 578, 580, 583, 584, 586, 592, 610, 613, 614, 619, 622, 623, 624, 625, 626, 629, 630, 632, 633, 634, 639, 640, 641, 642, 644, 647, 648, 649, 650, 656, 658, 669, 676, 687, 689, 690, 693, 694, 698, 703, 707, 709, 711, 726, 727, 728, 730, 731, 732, 733, 734, 735, 736, 740, 743, 747, 753, 754, 758, 763, 765, 768, 770, 771, 773, 774, 776, 779, 781, 788, 789, 792, 794, 795, 796, 798, 799, 800, 801, 802, 811, 818, 820, 822, 823, 824, 825, 826, 828, 829, 831, 832, 833, 834, 835, 837, 841, 843, 851, 852, 855], "summary": {"covered_lines": 277, "num_statements": 335, "percent_covered": 82.68656716417911, "percent_covered_display": "83", "missing_lines": 58, "excluded_lines": 0}, "missing_lines": [37, 81, 82, 92, 93, 163, 171, 185, 186, 187, 188, 191, 202, 203, 204, 236, 240, 251, 252, 253, 279, 302, 303, 304, 361, 379, 380, 381, 407, 480, 481, 482, 506, 588, 589, 590, 635, 636, 645, 652, 653, 654, 700, 701, 705, 737, 738, 741, 759, 777, 803, 805, 806, 807, 809, 839, 853, 857], "excluded_lines": [], "functions": {"CentroidEncoder.__init__": {"executed_lines": [34, 35, 36, 38, 41, 42, 43, 44, 47, 48, 49, 52, 54], "summary": {"covered_lines": 13, "num_statements": 14, "percent_covered": 92.85714285714286, "percent_covered_display": "93", "missing_lines": 1, "excluded_lines": 0}, "missing_lines": [37], "excluded_lines": []}, "CentroidEncoder.encode_weight_to_centroid": {"executed_lines": [73, 75, 78, 79, 80, 83, 86, 87, 90, 91, 96, 97, 100, 103, 104, 105, 107, 109, 110, 111], "summary": {"covered_lines": 20, "num_statements": 24, "percent_covered": 83.33333333333333, "percent_covered_display": "83", "missing_lines": 4, "excluded_lines": 0}, "missing_lines": [81, 82, 92, 93], "excluded_lines": []}, "CentroidEncoder.decode_weight_from_centroid": {"executed_lines": [128, 130, 131, 137, 139, 141, 142, 143], "summary": {"covered_lines": 8, "num_statements": 8, "percent_covered": 100.0, "percent_covered_display": "100", "missing_lines": 0, "excluded_lines": 0}, "missing_lines": [], "excluded_lines": []}, "CentroidEncoder.batch_encode": {"executed_lines": [162, 166, 167, 169, 170, 173, 176, 178, 180, 181, 182, 183, 190, 193, 194, 197, 198, 199, 200, 201, 206, 208], "summary": {"covered_lines": 22, "num_statements": 32, "percent_covered": 68.75, "percent_covered_display": "69", "missing_lines": 10, "excluded_lines": 0}, "missing_lines": [163, 171, 185, 186, 187, 188, 191, 202, 203, 204], "excluded_lines": []}, "CentroidEncoder.batch_decode": {"executed_lines": [226, 229, 231, 233, 234, 235, 238, 239, 242, 243, 246, 247, 248, 249, 250, 256, 257, 258, 259, 261], "summary": {"covered_lines": 20, "num_statements": 25, "percent_covered": 80.0, "percent_covered_display": "80", "missing_lines": 5, "excluded_lines": 0}, "missing_lines": [236, 240, 251, 252, 253], "excluded_lines": []}, "CentroidEncoder.find_best_centroid": {"executed_lines": [278, 281, 282, 284, 285, 287, 288, 291, 294, 295, 296, 298, 299, 300, 306, 307, 309], "summary": {"covered_lines": 17, "num_statements": 21, "percent_covered": 80.95238095238095, "percent_covered_display": "81", "missing_lines": 4, "excluded_lines": 0}, "missing_lines": [279, 302, 303, 304], "excluded_lines": []}, "CentroidEncoder.evaluate_encoding_efficiency": {"executed_lines": [326, 329, 331, 332, 334], "summary": {"covered_lines": 5, "num_statements": 5, "percent_covered": 100.0, "percent_covered_display": "100", "missing_lines": 0, "excluded_lines": 0}, "missing_lines": [], "excluded_lines": []}, "CentroidEncoder.compare_encoding_strategies": {"executed_lines": [357, 359, 360, 363, 365, 367, 368, 370, 384, 386], "summary": {"covered_lines": 10, "num_statements": 14, "percent_covered": 71.42857142857143, "percent_covered_display": "71", "missing_lines": 4, "excluded_lines": 0}, "missing_lines": [361, 379, 380, 381], "excluded_lines": []}, "CentroidEncoder.adaptive_centroid_selection": {"executed_lines": [404, 406, 410, 413, 416, 418, 427], "summary": {"covered_lines": 7, "num_statements": 8, "percent_covered": 87.5, "percent_covered_display": "88", "missing_lines": 1, "excluded_lines": 0}, "missing_lines": [407], "excluded_lines": []}, "CentroidEncoder.select_optimal_strategy": {"executed_lines": [444, 451, 452, 453, 455, 456, 458, 461, 462, 463, 465, 468, 470, 476, 477, 478, 484], "summary": {"covered_lines": 17, "num_statements": 20, "percent_covered": 85.0, "percent_covered_display": "85", "missing_lines": 3, "excluded_lines": 0}, "missing_lines": [480, 481, 482], "excluded_lines": []}, "CentroidEncoder.assess_encoding_quality": {"executed_lines": [505, 509, 512, 513, 514, 519, 522, 526], "summary": {"covered_lines": 8, "num_statements": 9, "percent_covered": 88.88888888888889, "percent_covered_display": "89", "missing_lines": 1, "excluded_lines": 0}, "missing_lines": [506], "excluded_lines": []}, "CentroidEncoder.estimate_compression_ratio": {"executed_lines": [551, 553, 554, 557, 559], "summary": {"covered_lines": 5, "num_statements": 5, "percent_covered": 100.0, "percent_covered_display": "100", "missing_lines": 0, "excluded_lines": 0}, "missing_lines": [], "excluded_lines": []}, "CentroidEncoder.validate_lossless_reconstruction": {"executed_lines": [578, 580, 583, 584, 586], "summary": {"covered_lines": 5, "num_statements": 8, "percent_covered": 62.5, "percent_covered_display": "62", "missing_lines": 3, "excluded_lines": 0}, "missing_lines": [588, 589, 590], "excluded_lines": []}, "CentroidEncoder.generate_encoding_report": {"executed_lines": [610, 613, 614, 619, 622, 623, 624, 625, 626, 629, 630, 632, 633, 634, 639, 640, 641, 642, 644, 647, 648, 649, 650, 656, 658, 669, 676], "summary": {"covered_lines": 27, "num_statements": 33, "percent_covered": 81.81818181818181, "percent_covered_display": "82", "missing_lines": 6, "excluded_lines": 0}, "missing_lines": [635, 636, 645, 652, 653, 654], "excluded_lines": []}, "CentroidEncoder.enable_caching": {"executed_lines": [689, 690, 693, 694], "summary": {"covered_lines": 4, "num_statements": 4, "percent_covered": 100.0, "percent_covered_display": "100", "missing_lines": 0, "excluded_lines": 0}, "missing_lines": [], "excluded_lines": []}, "CentroidEncoder.disable_caching": {"executed_lines": [], "summary": {"covered_lines": 0, "num_statements": 2, "percent_covered": 0.0, "percent_covered_display": "0", "missing_lines": 2, "excluded_lines": 0}, "missing_lines": [700, 701], "excluded_lines": []}, "CentroidEncoder.get_cache_stats": {"executed_lines": [], "summary": {"covered_lines": 0, "num_statements": 1, "percent_covered": 0.0, "percent_covered_display": "0", "missing_lines": 1, "excluded_lines": 0}, "missing_lines": [705], "excluded_lines": []}, "CentroidEncoder.set_memory_limit": {"executed_lines": [709], "summary": {"covered_lines": 1, "num_statements": 1, "percent_covered": 100.0, "percent_covered_display": "100", "missing_lines": 0, "excluded_lines": 0}, "missing_lines": [], "excluded_lines": []}, "CentroidEncoder.select_from_hierarchy": {"executed_lines": [726, 727, 728, 730, 731, 732, 733, 734, 735, 736, 740, 743], "summary": {"covered_lines": 12, "num_statements": 15, "percent_covered": 80.0, "percent_covered_display": "80", "missing_lines": 3, "excluded_lines": 0}, "missing_lines": [737, 738, 741], "excluded_lines": []}, "CentroidEncoder._validate_weight_centroid_compatibility": {"executed_lines": [753, 754, 758], "summary": {"covered_lines": 3, "num_statements": 4, "percent_covered": 75.0, "percent_covered_display": "75", "missing_lines": 1, "excluded_lines": 0}, "missing_lines": [759], "excluded_lines": []}, "CentroidEncoder._are_compatible": {"executed_lines": [765], "summary": {"covered_lines": 1, "num_statements": 1, "percent_covered": 100.0, "percent_covered_display": "100", "missing_lines": 0, "excluded_lines": 0}, "missing_lines": [], "excluded_lines": []}, "CentroidEncoder._compute_similarity": {"executed_lines": [770, 771, 773, 774, 776, 779], "summary": {"covered_lines": 6, "num_statements": 7, "percent_covered": 85.71428571428571, "percent_covered_display": "86", "missing_lines": 1, "excluded_lines": 0}, "missing_lines": [777], "excluded_lines": []}, "CentroidEncoder._estimate_delta_size": {"executed_lines": [788, 789, 792, 794, 795, 796, 798, 799, 800, 801, 802], "summary": {"covered_lines": 11, "num_statements": 16, "percent_covered": 68.75, "percent_covered_display": "69", "missing_lines": 5, "excluded_lines": 0}, "missing_lines": [803, 805, 806, 807, 809], "excluded_lines": []}, "CentroidEncoder._estimate_quantization_error": {"executed_lines": [818, 820, 822, 823, 824, 825, 826, 828, 829, 831, 832, 833, 834, 835, 837, 841], "summary": {"covered_lines": 16, "num_statements": 17, "percent_covered": 94.11764705882354, "percent_covered_display": "94", "missing_lines": 1, "excluded_lines": 0}, "missing_lines": [839], "excluded_lines": []}, "CentroidEncoder._get_candidate_centroids": {"executed_lines": [851, 852], "summary": {"covered_lines": 2, "num_statements": 3, "percent_covered": 66.66666666666667, "percent_covered_display": "67", "missing_lines": 1, "excluded_lines": 0}, "missing_lines": [853], "excluded_lines": []}, "CentroidEncoder._get_cluster_index": {"executed_lines": [], "summary": {"covered_lines": 0, "num_statements": 1, "percent_covered": 0.0, "percent_covered_display": "0", "missing_lines": 1, "excluded_lines": 0}, "missing_lines": [857], "excluded_lines": []}, "": {"executed_lines": [1, 3, 4, 5, 6, 7, 8, 10, 11, 12, 15, 18, 19, 27, 56, 113, 145, 210, 263, 311, 342, 388, 429, 490, 534, 561, 592, 687, 698, 703, 707, 711, 747, 763, 768, 781, 811, 843, 855], "summary": {"covered_lines": 37, "num_statements": 37, "percent_covered": 100.0, "percent_covered_display": "100", "missing_lines": 0, "excluded_lines": 0}, "missing_lines": [], "excluded_lines": []}}, "classes": {"CentroidEncoder": {"executed_lines": [34, 35, 36, 38, 41, 42, 43, 44, 47, 48, 49, 52, 54, 73, 75, 78, 79, 80, 83, 86, 87, 90, 91, 96, 97, 100, 103, 104, 105, 107, 109, 110, 111, 128, 130, 131, 137, 139, 141, 142, 143, 162, 166, 167, 169, 170, 173, 176, 178, 180, 181, 182, 183, 190, 193, 194, 197, 198, 199, 200, 201, 206, 208, 226, 229, 231, 233, 234, 235, 238, 239, 242, 243, 246, 247, 248, 249, 250, 256, 257, 258, 259, 261, 278, 281, 282, 284, 285, 287, 288, 291, 294, 295, 296, 298, 299, 300, 306, 307, 309, 326, 329, 331, 332, 334, 357, 359, 360, 363, 365, 367, 368, 370, 384, 386, 404, 406, 410, 413, 416, 418, 427, 444, 451, 452, 453, 455, 456, 458, 461, 462, 463, 465, 468, 470, 476, 477, 478, 484, 505, 509, 512, 513, 514, 519, 522, 526, 551, 553, 554, 557, 559, 578, 580, 583, 584, 586, 610, 613, 614, 619, 622, 623, 624, 625, 626, 629, 630, 632, 633, 634, 639, 640, 641, 642, 644, 647, 648, 649, 650, 656, 658, 669, 676, 689, 690, 693, 694, 709, 726, 727, 728, 730, 731, 732, 733, 734, 735, 736, 740, 743, 753, 754, 758, 765, 770, 771, 773, 774, 776, 779, 788, 789, 792, 794, 795, 796, 798, 799, 800, 801, 802, 818, 820, 822, 823, 824, 825, 826, 828, 829, 831, 832, 833, 834, 835, 837, 841, 851, 852], "summary": {"covered_lines": 240, "num_statements": 298, "percent_covered": 80.53691275167785, "percent_covered_display": "81", "missing_lines": 58, "excluded_lines": 0}, "missing_lines": [37, 81, 82, 92, 93, 163, 171, 185, 186, 187, 188, 191, 202, 203, 204, 236, 240, 251, 252, 253, 279, 302, 303, 304, 361, 379, 380, 381, 407, 480, 481, 482, 506, 588, 589, 590, 635, 636, 645, 652, 653, 654, 700, 701, 705, 737, 738, 741, 759, 777, 803, 805, 806, 807, 809, 839, 853, 857], "excluded_lines": []}, "": {"executed_lines": [1, 3, 4, 5, 6, 7, 8, 10, 11, 12, 15, 18, 19, 27, 56, 113, 145, 210, 263, 311, 342, 388, 429, 490, 534, 561, 592, 687, 698, 703, 707, 711, 747, 763, 768, 781, 811, 843, 855], "summary": {"covered_lines": 37, "num_statements": 37, "percent_covered": 100.0, "percent_covered_display": "100", "missing_lines": 0, "excluded_lines": 0}, "missing_lines": [], "excluded_lines": []}}}, "src/coral/clustering/cluster_analyzer.py": {"executed_lines": [1, 9, 10, 11, 12, 13, 14, 15, 17, 18, 19, 20, 21, 22, 23, 24, 26, 27, 31, 32, 34, 37, 38, 39, 41, 42, 43, 44, 45, 46, 47, 48, 50, 51, 53, 54, 55, 57, 58, 65, 66, 67, 69, 70, 71, 72, 73, 74, 76, 79, 80, 81, 82, 85, 89, 92, 94, 100, 101, 108, 122, 123, 124, 127, 129, 133, 134, 135, 136, 139, 140, 142, 144, 161, 163, 164, 165, 167, 169, 170, 171, 173, 174, 180, 181, 183, 184, 187, 188, 190, 193, 194, 197, 198, 199, 200, 203, 204, 206, 207, 208, 211, 212, 217, 219, 222, 225, 227, 228, 229, 231, 248, 251, 254, 255, 257, 259, 260, 261, 262, 263, 264, 265, 266, 267, 272, 273, 276, 277, 278, 280, 281, 287, 302, 306, 307, 309, 310, 311, 314, 316, 318, 320, 321, 324, 325, 326, 327, 329, 330, 341, 342, 345, 346, 347, 348, 349, 350, 352, 358, 375, 378, 379, 382, 384, 385, 387, 388, 389, 390, 401, 422, 423, 424, 425, 426, 427, 428, 429, 431, 432, 434, 436, 437, 440, 441, 442, 445, 452, 453, 456, 457, 459, 462, 465, 466, 467, 468, 470, 471, 474, 479, 480, 482, 485, 487, 488, 489, 491, 508, 510, 513, 514, 516, 518, 520, 523, 528, 529, 532, 535, 536, 538, 542, 545, 550, 553, 554, 560, 577, 579, 582, 583, 585, 587, 589, 592, 596, 597, 600, 603, 604, 606, 610, 611, 612, 614, 620, 623, 628, 631, 632, 638, 655, 657, 660, 662, 664, 665, 668, 670, 671, 673, 678, 680, 681, 684, 685, 687, 688, 689, 692, 694, 695, 696, 697, 704, 706, 707, 708, 714, 719, 722, 725, 731, 746, 749, 751, 752, 755, 756, 757, 760, 762, 764, 765, 766, 767, 770, 771, 772, 773, 776, 777, 778, 779, 782, 783, 784, 787, 788, 789, 791, 797, 814, 816, 831, 834, 837, 839, 840, 841, 842, 858, 861, 862, 863, 865, 867, 870, 871, 873, 875, 878, 881, 882, 884, 887, 888, 890, 892, 894, 896, 897, 900, 909, 911, 913, 915, 917, 919, 922, 923, 924, 925, 928, 935, 937, 939, 941, 942, 944, 945, 946, 947, 950, 954, 955, 957, 958, 959, 963, 965, 966, 968, 969, 970, 972, 973, 974, 978, 982, 983, 985, 1031, 1033, 1034, 1036, 1037, 1038, 1040, 1041, 1042, 1043, 1045, 1047, 1056, 1059, 1060, 1061, 1062, 1063, 1064, 1066, 1069, 1070, 1072, 1073, 1074, 1075, 1087, 1094, 1097, 1098, 1100, 1101, 1102, 1104, 1107, 1109, 1111, 1114, 1116, 1117, 1118, 1121, 1123, 1125, 1131, 1134, 1136, 1144, 1147, 1150, 1151, 1154, 1157, 1158, 1159, 1160, 1161, 1164, 1165, 1166, 1168, 1170, 1172, 1173, 1174, 1175], "summary": {"covered_lines": 446, "num_statements": 575, "percent_covered": 77.56521739130434, "percent_covered_display": "78", "missing_lines": 129, "excluded_lines": 0}, "missing_lines": [60, 61, 62, 86, 90, 96, 97, 128, 130, 175, 176, 177, 191, 214, 215, 220, 249, 269, 283, 284, 285, 303, 331, 333, 334, 335, 336, 337, 339, 354, 355, 356, 376, 380, 391, 392, 394, 396, 397, 399, 463, 509, 511, 519, 533, 539, 551, 556, 557, 558, 578, 580, 588, 601, 607, 616, 617, 629, 634, 635, 636, 656, 658, 676, 690, 698, 699, 701, 710, 711, 712, 716, 717, 720, 727, 728, 729, 747, 793, 794, 795, 832, 845, 846, 847, 850, 851, 852, 854, 885, 951, 961, 975, 976, 979, 990, 991, 993, 994, 995, 996, 999, 1000, 1002, 1004, 1010, 1011, 1012, 1013, 1014, 1016, 1019, 1020, 1022, 1026, 1027, 1029, 1077, 1078, 1079, 1081, 1082, 1084, 1085, 1176, 1177, 1178, 1179, 1181], "excluded_lines": [], "functions": {"RepositoryAnalysis.deduplication_ratio": {"executed_lines": [53, 54, 55], "summary": {"covered_lines": 3, "num_statements": 3, "percent_covered": 100.0, "percent_covered_display": "100", "missing_lines": 0, "excluded_lines": 0}, "missing_lines": [], "excluded_lines": []}, "RepositoryAnalysis.avg_weights_per_commit": {"executed_lines": [], "summary": {"covered_lines": 0, "num_statements": 3, "percent_covered": 0.0, "percent_covered_display": "0", "missing_lines": 3, "excluded_lines": 0}, "missing_lines": [60, 61, 62], "excluded_lines": []}, "ClusteringResult.is_valid": {"executed_lines": [79, 80, 81, 82, 85, 89, 92], "summary": {"covered_lines": 7, "num_statements": 9, "percent_covered": 77.77777777777777, "percent_covered_display": "78", "missing_lines": 2, "excluded_lines": 0}, "missing_lines": [86, 90], "excluded_lines": []}, "ClusteringResult.get_cluster_sizes": {"executed_lines": [], "summary": {"covered_lines": 0, "num_statements": 2, "percent_covered": 0.0, "percent_covered_display": "0", "missing_lines": 2, "excluded_lines": 0}, "missing_lines": [96, 97], "excluded_lines": []}, "ClusterAnalyzer.__init__": {"executed_lines": [122, 123, 124, 127, 129, 133, 134, 135, 136, 139, 140, 142], "summary": {"covered_lines": 12, "num_statements": 14, "percent_covered": 85.71428571428571, "percent_covered_display": "86", "missing_lines": 2, "excluded_lines": 0}, "missing_lines": [128, 130], "excluded_lines": []}, "ClusterAnalyzer.analyze_repository": {"executed_lines": [161, 163, 164, 165, 167, 169, 170, 171, 173, 174, 180, 181, 183, 184, 187, 188, 190, 193, 194, 197, 198, 199, 200, 203, 204, 206, 207, 208, 211, 212, 217, 219, 222, 225, 227, 228, 229], "summary": {"covered_lines": 37, "num_statements": 44, "percent_covered": 84.0909090909091, "percent_covered_display": "84", "missing_lines": 7, "excluded_lines": 0}, "missing_lines": [175, 176, 177, 191, 214, 215, 220], "excluded_lines": []}, "ClusterAnalyzer.extract_features": {"executed_lines": [248, 251, 254, 255, 257, 259, 260, 261, 262, 263, 264, 265, 266, 267, 272, 273, 276, 277, 278, 280, 281], "summary": {"covered_lines": 21, "num_statements": 26, "percent_covered": 80.76923076923077, "percent_covered_display": "81", "missing_lines": 5, "excluded_lines": 0}, "missing_lines": [249, 269, 283, 284, 285], "excluded_lines": []}, "ClusterAnalyzer.compute_similarity_matrix": {"executed_lines": [302, 306, 307, 309, 310, 311, 314, 316, 318, 320, 321, 324, 325, 326, 327, 329, 330, 341, 342, 345, 346, 347, 348, 349, 350, 352], "summary": {"covered_lines": 26, "num_statements": 37, "percent_covered": 70.27027027027027, "percent_covered_display": "70", "missing_lines": 11, "excluded_lines": 0}, "missing_lines": [303, 331, 333, 334, 335, 336, 337, 339, 354, 355, 356], "excluded_lines": []}, "ClusterAnalyzer.detect_natural_clusters": {"executed_lines": [375, 378, 379, 382, 384, 385, 387, 388, 389, 390], "summary": {"covered_lines": 10, "num_statements": 18, "percent_covered": 55.55555555555556, "percent_covered_display": "56", "missing_lines": 8, "excluded_lines": 0}, "missing_lines": [376, 380, 391, 392, 394, 396, 397, 399], "excluded_lines": []}, "ClusterAnalyzer.cluster_kmeans": {"executed_lines": [422, 423, 424, 425, 426, 427, 428, 429, 431, 432, 434, 436, 437, 440, 441, 442, 445, 452, 453, 456, 457, 459, 462, 465, 466, 467, 468, 470, 471, 474, 479, 480, 482, 485, 487, 488, 489], "summary": {"covered_lines": 37, "num_statements": 38, "percent_covered": 97.36842105263158, "percent_covered_display": "97", "missing_lines": 1, "excluded_lines": 0}, "missing_lines": [463], "excluded_lines": []}, "ClusterAnalyzer.cluster_hierarchical": {"executed_lines": [508, 510, 513, 514, 516, 518, 520, 523, 528, 529, 532, 535, 536, 538, 542, 545, 550, 553, 554], "summary": {"covered_lines": 19, "num_statements": 28, "percent_covered": 67.85714285714286, "percent_covered_display": "68", "missing_lines": 9, "excluded_lines": 0}, "missing_lines": [509, 511, 519, 533, 539, 551, 556, 557, 558], "excluded_lines": []}, "ClusterAnalyzer.cluster_dbscan": {"executed_lines": [577, 579, 582, 583, 585, 587, 589, 592, 596, 597, 600, 603, 604, 606, 610, 611, 612, 614, 620, 623, 628, 631, 632], "summary": {"covered_lines": 23, "num_statements": 34, "percent_covered": 67.6470588235294, "percent_covered_display": "68", "missing_lines": 11, "excluded_lines": 0}, "missing_lines": [578, 580, 588, 601, 607, 616, 617, 629, 634, 635, 636], "excluded_lines": []}, "ClusterAnalyzer.cluster_adaptive": {"executed_lines": [655, 657, 660, 662, 664, 665, 668, 670, 671, 673, 678, 680, 681, 684, 685, 687, 688, 689, 692, 694, 695, 696, 697, 704, 706, 707, 708, 714, 719, 722, 725], "summary": {"covered_lines": 31, "num_statements": 47, "percent_covered": 65.95744680851064, "percent_covered_display": "66", "missing_lines": 16, "excluded_lines": 0}, "missing_lines": [656, 658, 676, 690, 698, 699, 701, 710, 711, 712, 716, 717, 720, 727, 728, 729], "excluded_lines": []}, "ClusterAnalyzer.evaluate_clustering": {"executed_lines": [746, 749, 751, 752, 755, 756, 757, 760, 762, 764, 765, 766, 767, 770, 771, 772, 773, 776, 777, 778, 779, 782, 783, 784, 787, 788, 789, 791], "summary": {"covered_lines": 28, "num_statements": 32, "percent_covered": 87.5, "percent_covered_display": "88", "missing_lines": 4, "excluded_lines": 0}, "missing_lines": [747, 793, 794, 795], "excluded_lines": []}, "ClusterAnalyzer.optimize_cluster_count": {"executed_lines": [814], "summary": {"covered_lines": 1, "num_statements": 1, "percent_covered": 100.0, "percent_covered_display": "100", "missing_lines": 0, "excluded_lines": 0}, "missing_lines": [], "excluded_lines": []}, "ClusterAnalyzer.validate_clusters": {"executed_lines": [831, 834, 837, 839, 840, 841, 842], "summary": {"covered_lines": 7, "num_statements": 15, "percent_covered": 46.666666666666664, "percent_covered_display": "47", "missing_lines": 8, "excluded_lines": 0}, "missing_lines": [832, 845, 846, 847, 850, 851, 852, 854], "excluded_lines": []}, "ClusterAnalyzer._extract_raw_features": {"executed_lines": [861, 862, 863, 865, 867, 870, 871, 873], "summary": {"covered_lines": 8, "num_statements": 8, "percent_covered": 100.0, "percent_covered_display": "100", "missing_lines": 0, "excluded_lines": 0}, "missing_lines": [], "excluded_lines": []}, "ClusterAnalyzer._extract_pca_features": {"executed_lines": [878, 881, 882, 884, 887, 888, 890], "summary": {"covered_lines": 7, "num_statements": 8, "percent_covered": 87.5, "percent_covered_display": "88", "missing_lines": 1, "excluded_lines": 0}, "missing_lines": [885], "excluded_lines": []}, "ClusterAnalyzer._extract_statistical_features": {"executed_lines": [894, 896, 897, 900, 909, 911], "summary": {"covered_lines": 6, "num_statements": 6, "percent_covered": 100.0, "percent_covered_display": "100", "missing_lines": 0, "excluded_lines": 0}, "missing_lines": [], "excluded_lines": []}, "ClusterAnalyzer._extract_hash_features": {"executed_lines": [915, 917, 919, 922, 923, 924, 925, 928, 935, 937], "summary": {"covered_lines": 10, "num_statements": 10, "percent_covered": 100.0, "percent_covered_display": "100", "missing_lines": 0, "excluded_lines": 0}, "missing_lines": [], "excluded_lines": []}, "ClusterAnalyzer._detect_clusters_elbow": {"executed_lines": [941, 942, 944, 945, 946, 947, 950, 954, 955, 957, 958, 959], "summary": {"covered_lines": 12, "num_statements": 14, "percent_covered": 85.71428571428571, "percent_covered_display": "86", "missing_lines": 2, "excluded_lines": 0}, "missing_lines": [951, 961], "excluded_lines": []}, "ClusterAnalyzer._detect_clusters_silhouette": {"executed_lines": [965, 966, 968, 969, 970, 972, 973, 974, 978, 982, 983], "summary": {"covered_lines": 11, "num_statements": 14, "percent_covered": 78.57142857142857, "percent_covered_display": "79", "missing_lines": 3, "excluded_lines": 0}, "missing_lines": [975, 976, 979], "excluded_lines": []}, "ClusterAnalyzer._detect_clusters_gap": {"executed_lines": [], "summary": {"covered_lines": 0, "num_statements": 22, "percent_covered": 0.0, "percent_covered_display": "0", "missing_lines": 22, "excluded_lines": 0}, "missing_lines": [990, 991, 993, 994, 995, 996, 999, 1000, 1002, 1004, 1010, 1011, 1012, 1013, 1014, 1016, 1019, 1020, 1022, 1026, 1027, 1029], "excluded_lines": []}, "ClusterAnalyzer._compute_cluster_centers": {"executed_lines": [1033, 1034, 1036, 1037, 1038, 1040, 1041, 1042, 1043, 1045], "summary": {"covered_lines": 10, "num_statements": 10, "percent_covered": 100.0, "percent_covered_display": "100", "missing_lines": 0, "excluded_lines": 0}, "missing_lines": [], "excluded_lines": []}, "ClusterAnalyzer._create_clustering_result": {"executed_lines": [1056, 1059, 1060, 1061, 1062, 1063, 1064, 1066, 1069, 1070, 1072, 1073, 1074, 1075, 1087, 1094, 1097, 1098, 1100, 1101, 1102, 1104, 1107, 1109, 1111, 1114, 1116, 1117, 1118, 1121, 1123, 1125, 1131, 1134, 1136], "summary": {"covered_lines": 35, "num_statements": 42, "percent_covered": 83.33333333333333, "percent_covered_display": "83", "missing_lines": 7, "excluded_lines": 0}, "missing_lines": [1077, 1078, 1079, 1081, 1082, 1084, 1085], "excluded_lines": []}, "ClusterAnalyzer._evaluate_clustering_quality": {"executed_lines": [1147, 1150, 1151, 1154, 1157, 1158, 1159, 1160, 1161, 1164, 1165, 1166, 1168], "summary": {"covered_lines": 13, "num_statements": 13, "percent_covered": 100.0, "percent_covered_display": "100", "missing_lines": 0, "excluded_lines": 0}, "missing_lines": [], "excluded_lines": []}, "ClusterAnalyzer._categorize_weight_size": {"executed_lines": [1172, 1173, 1174, 1175], "summary": {"covered_lines": 4, "num_statements": 9, "percent_covered": 44.44444444444444, "percent_covered_display": "44", "missing_lines": 5, "excluded_lines": 0}, "missing_lines": [1176, 1177, 1178, 1179, 1181], "excluded_lines": []}, "": {"executed_lines": [1, 9, 10, 11, 12, 13, 14, 15, 17, 18, 19, 20, 21, 22, 23, 24, 26, 27, 31, 32, 34, 37, 38, 39, 41, 42, 43, 44, 45, 46, 47, 48, 50, 51, 57, 58, 65, 66, 67, 69, 70, 71, 72, 73, 74, 76, 94, 100, 101, 108, 144, 231, 287, 358, 401, 491, 560, 638, 731, 797, 816, 858, 875, 892, 913, 939, 963, 985, 1031, 1047, 1144, 1170], "summary": {"covered_lines": 68, "num_statements": 68, "percent_covered": 100.0, "percent_covered_display": "100", "missing_lines": 0, "excluded_lines": 0}, "missing_lines": [], "excluded_lines": []}}, "classes": {"RepositoryAnalysis": {"executed_lines": [53, 54, 55], "summary": {"covered_lines": 3, "num_statements": 6, "percent_covered": 50.0, "percent_covered_display": "50", "missing_lines": 3, "excluded_lines": 0}, "missing_lines": [60, 61, 62], "excluded_lines": []}, "ClusteringResult": {"executed_lines": [79, 80, 81, 82, 85, 89, 92], "summary": {"covered_lines": 7, "num_statements": 11, "percent_covered": 63.63636363636363, "percent_covered_display": "64", "missing_lines": 4, "excluded_lines": 0}, "missing_lines": [86, 90, 96, 97], "excluded_lines": []}, "ClusterAnalyzer": {"executed_lines": [122, 123, 124, 127, 129, 133, 134, 135, 136, 139, 140, 142, 161, 163, 164, 165, 167, 169, 170, 171, 173, 174, 180, 181, 183, 184, 187, 188, 190, 193, 194, 197, 198, 199, 200, 203, 204, 206, 207, 208, 211, 212, 217, 219, 222, 225, 227, 228, 229, 248, 251, 254, 255, 257, 259, 260, 261, 262, 263, 264, 265, 266, 267, 272, 273, 276, 277, 278, 280, 281, 302, 306, 307, 309, 310, 311, 314, 316, 318, 320, 321, 324, 325, 326, 327, 329, 330, 341, 342, 345, 346, 347, 348, 349, 350, 352, 375, 378, 379, 382, 384, 385, 387, 388, 389, 390, 422, 423, 424, 425, 426, 427, 428, 429, 431, 432, 434, 436, 437, 440, 441, 442, 445, 452, 453, 456, 457, 459, 462, 465, 466, 467, 468, 470, 471, 474, 479, 480, 482, 485, 487, 488, 489, 508, 510, 513, 514, 516, 518, 520, 523, 528, 529, 532, 535, 536, 538, 542, 545, 550, 553, 554, 577, 579, 582, 583, 585, 587, 589, 592, 596, 597, 600, 603, 604, 606, 610, 611, 612, 614, 620, 623, 628, 631, 632, 655, 657, 660, 662, 664, 665, 668, 670, 671, 673, 678, 680, 681, 684, 685, 687, 688, 689, 692, 694, 695, 696, 697, 704, 706, 707, 708, 714, 719, 722, 725, 746, 749, 751, 752, 755, 756, 757, 760, 762, 764, 765, 766, 767, 770, 771, 772, 773, 776, 777, 778, 779, 782, 783, 784, 787, 788, 789, 791, 814, 831, 834, 837, 839, 840, 841, 842, 861, 862, 863, 865, 867, 870, 871, 873, 878, 881, 882, 884, 887, 888, 890, 894, 896, 897, 900, 909, 911, 915, 917, 919, 922, 923, 924, 925, 928, 935, 937, 941, 942, 944, 945, 946, 947, 950, 954, 955, 957, 958, 959, 965, 966, 968, 969, 970, 972, 973, 974, 978, 982, 983, 1033, 1034, 1036, 1037, 1038, 1040, 1041, 1042, 1043, 1045, 1056, 1059, 1060, 1061, 1062, 1063, 1064, 1066, 1069, 1070, 1072, 1073, 1074, 1075, 1087, 1094, 1097, 1098, 1100, 1101, 1102, 1104, 1107, 1109, 1111, 1114, 1116, 1117, 1118, 1121, 1123, 1125, 1131, 1134, 1136, 1147, 1150, 1151, 1154, 1157, 1158, 1159, 1160, 1161, 1164, 1165, 1166, 1168, 1172, 1173, 1174, 1175], "summary": {"covered_lines": 368, "num_statements": 490, "percent_covered": 75.10204081632654, "percent_covered_display": "75", "missing_lines": 122, "excluded_lines": 0}, "missing_lines": [128, 130, 175, 176, 177, 191, 214, 215, 220, 249, 269, 283, 284, 285, 303, 331, 333, 334, 335, 336, 337, 339, 354, 355, 356, 376, 380, 391, 392, 394, 396, 397, 399, 463, 509, 511, 519, 533, 539, 551, 556, 557, 558, 578, 580, 588, 601, 607, 616, 617, 629, 634, 635, 636, 656, 658, 676, 690, 698, 699, 701, 710, 711, 712, 716, 717, 720, 727, 728, 729, 747, 793, 794, 795, 832, 845, 846, 847, 850, 851, 852, 854, 885, 951, 961, 975, 976, 979, 990, 991, 993, 994, 995, 996, 999, 1000, 1002, 1004, 1010, 1011, 1012, 1013, 1014, 1016, 1019, 1020, 1022, 1026, 1027, 1029, 1077, 1078, 1079, 1081, 1082, 1084, 1085, 1176, 1177, 1178, 1179, 1181], "excluded_lines": []}, "": {"executed_lines": [1, 9, 10, 11, 12, 13, 14, 15, 17, 18, 19, 20, 21, 22, 23, 24, 26, 27, 31, 32, 34, 37, 38, 39, 41, 42, 43, 44, 45, 46, 47, 48, 50, 51, 57, 58, 65, 66, 67, 69, 70, 71, 72, 73, 74, 76, 94, 100, 101, 108, 144, 231, 287, 358, 401, 491, 560, 638, 731, 797, 816, 858, 875, 892, 913, 939, 963, 985, 1031, 1047, 1144, 1170], "summary": {"covered_lines": 68, "num_statements": 68, "percent_covered": 100.0, "percent_covered_display": "100", "missing_lines": 0, "excluded_lines": 0}, "missing_lines": [], "excluded_lines": []}}}, "src/coral/clustering/cluster_assigner.py": {"executed_lines": [1, 13, 14, 15, 16, 17, 18, 19, 20, 21, 22, 23, 25, 26, 29, 30, 31, 33, 36, 37, 38, 40, 41, 43, 45, 51, 54, 55, 59, 60, 62, 64, 65, 67, 68, 69, 70, 72, 80, 81, 82, 84, 85, 86, 87, 88, 89, 90, 91, 93, 96, 104, 112, 115, 116, 127, 145, 146, 147, 148, 149, 150, 153, 154, 155, 158, 159, 162, 170, 173, 175, 180, 190, 192, 193, 197, 198, 199, 201, 203, 205, 206, 211, 212, 214, 216, 226, 229, 231, 233, 235, 237, 238, 239, 240, 243, 244, 245, 246, 247, 252, 255, 256, 257, 258, 259, 260, 262, 264, 275, 277, 278, 279, 281, 282, 284, 291, 301, 302, 305, 306, 309, 310, 311, 314, 315, 317, 318, 320, 330, 331, 333, 345, 347, 348, 351, 354, 355, 357, 358, 359, 360, 361, 363, 366, 367, 370, 372, 380, 393, 398, 399, 402, 403, 405, 408, 416, 427, 428, 429, 430, 431, 433, 438, 439, 440, 441, 449, 452, 457, 458, 459, 460, 461, 463, 467, 468, 470, 479, 485, 487, 497, 502, 503, 506, 507, 508, 510, 511, 513, 514, 515, 523, 532, 557, 559, 566, 567, 568, 570, 571, 572, 574, 575, 578, 580, 581, 582, 585, 586, 588, 590, 591, 592, 593, 594, 601, 606, 607, 609, 613, 614, 616, 626, 636, 637, 640, 645, 646, 700, 710, 711, 714, 715, 717, 736, 738, 739, 742, 743, 769, 776, 786, 787, 789, 795, 802, 803, 804, 806, 808, 810, 814, 817, 823, 825, 826, 827, 830, 831, 833, 841, 847, 848, 851, 852, 853, 855, 862, 868, 875, 876, 886, 887, 888, 890, 891, 895, 896, 898, 899, 900, 901, 902, 904, 905, 913, 914, 917, 918, 920, 921, 924, 925, 926, 927, 928, 929, 934, 935, 936, 937, 938, 940, 944, 947, 948, 949, 950, 951, 952, 953, 955, 957, 969, 979, 980, 983, 986, 989, 990, 991, 993, 994, 995, 1003, 1004, 1007, 1010, 1012, 1020, 1030, 1031, 1033, 1035, 1038, 1041, 1042, 1053, 1055, 1057, 1064, 1065, 1068, 1070, 1071, 1072, 1076, 1078, 1079, 1082, 1084, 1086, 1097, 1099, 1109, 1110, 1111, 1113, 1115, 1117, 1118, 1121, 1122, 1123, 1126, 1127, 1129, 1135, 1146, 1147, 1150, 1151, 1152, 1153, 1156, 1157, 1158, 1161, 1162, 1163, 1165, 1171, 1182, 1183, 1190, 1191, 1194, 1196, 1197, 1198, 1200, 1201, 1202, 1205, 1206, 1208, 1214, 1223, 1226, 1228, 1229, 1231, 1234, 1241, 1244, 1254, 1255, 1258, 1260, 1271, 1272, 1276, 1280, 1281, 1283, 1284, 1288, 1295, 1296, 1303, 1304, 1306, 1307, 1308, 1310, 1311, 1312, 1313, 1316, 1319, 1320, 1321, 1322, 1324, 1325, 1328, 1335, 1336, 1339, 1340, 1341, 1342, 1343, 1345, 1347, 1358, 1375, 1376, 1377, 1378, 1379, 1382, 1384, 1386, 1387, 1388, 1391, 1397, 1402, 1403, 1404, 1407, 1409, 1413, 1415, 1422, 1423, 1425, 1426, 1428, 1429, 1432, 1433, 1434, 1435, 1437, 1449, 1459, 1460, 1462, 1463, 1464, 1467, 1469, 1470, 1473, 1475, 1476, 1479, 1480, 1481, 1482, 1483, 1486, 1487, 1489, 1490, 1498, 1500, 1502, 1505, 1510, 1515, 1517, 1520, 1521, 1524, 1525, 1526, 1528, 1534, 1536, 1537, 1540, 1543, 1544, 1545, 1549, 1551, 1560, 1562, 1564, 1568, 1572], "summary": {"covered_lines": 521, "num_statements": 645, "percent_covered": 80.7751937984496, "percent_covered_display": "81", "missing_lines": 124, "excluded_lines": 0}, "missing_lines": [56, 194, 200, 202, 204, 209, 227, 248, 249, 250, 285, 349, 364, 406, 435, 464, 499, 516, 517, 519, 520, 521, 524, 527, 528, 529, 533, 534, 536, 537, 538, 540, 541, 543, 552, 554, 602, 603, 610, 611, 649, 650, 653, 654, 656, 659, 660, 663, 665, 666, 668, 670, 671, 674, 675, 678, 685, 686, 687, 688, 689, 691, 693, 718, 719, 720, 722, 723, 728, 729, 744, 745, 748, 749, 751, 754, 755, 756, 757, 759, 766, 767, 796, 811, 877, 892, 931, 981, 984, 987, 996, 997, 998, 999, 1000, 1008, 1039, 1073, 1184, 1224, 1242, 1256, 1273, 1274, 1277, 1278, 1286, 1297, 1392, 1393, 1394, 1398, 1399, 1405, 1410, 1471, 1492, 1493, 1494, 1512, 1538, 1566, 1570, 1574], "excluded_lines": [], "functions": {"AssignmentHistory.add_entry": {"executed_lines": [45], "summary": {"covered_lines": 1, "num_statements": 1, "percent_covered": 100.0, "percent_covered_display": "100", "missing_lines": 0, "excluded_lines": 0}, "missing_lines": [], "excluded_lines": []}, "AssignmentHistory.get_at_timestamp": {"executed_lines": [54, 55, 59, 60], "summary": {"covered_lines": 4, "num_statements": 5, "percent_covered": 80.0, "percent_covered_display": "80", "missing_lines": 1, "excluded_lines": 0}, "missing_lines": [56], "excluded_lines": []}, "AssignmentHistory.get_duration_stats": {"executed_lines": [64, 65, 67, 68, 69, 70, 72], "summary": {"covered_lines": 7, "num_statements": 7, "percent_covered": 100.0, "percent_covered_display": "100", "missing_lines": 0, "excluded_lines": 0}, "missing_lines": [], "excluded_lines": []}, "AssignmentMetrics.compute_overall_score": {"executed_lines": [96, 104, 112], "summary": {"covered_lines": 3, "num_statements": 3, "percent_covered": 100.0, "percent_covered_display": "100", "missing_lines": 0, "excluded_lines": 0}, "missing_lines": [], "excluded_lines": []}, "ClusterAssigner.__init__": {"executed_lines": [145, 146, 147, 148, 149, 150, 153, 154, 155, 158, 159, 162, 170, 173, 175], "summary": {"covered_lines": 15, "num_statements": 15, "percent_covered": 100.0, "percent_covered_display": "100", "missing_lines": 0, "excluded_lines": 0}, "missing_lines": [], "excluded_lines": []}, "ClusterAssigner.assign_weight_to_cluster": {"executed_lines": [190, 192, 193, 197, 198, 199, 201, 203, 205, 206, 211, 212, 214], "summary": {"covered_lines": 13, "num_statements": 18, "percent_covered": 72.22222222222223, "percent_covered_display": "72", "missing_lines": 5, "excluded_lines": 0}, "missing_lines": [194, 200, 202, 204, 209], "excluded_lines": []}, "ClusterAssigner.batch_assign_weights": {"executed_lines": [226, 229, 231, 233, 235, 237, 238, 239, 240, 243, 244, 245, 246, 247, 252, 255, 256, 257, 258, 259, 260, 262], "summary": {"covered_lines": 22, "num_statements": 26, "percent_covered": 84.61538461538461, "percent_covered_display": "85", "missing_lines": 4, "excluded_lines": 0}, "missing_lines": [227, 248, 249, 250], "excluded_lines": []}, "ClusterAssigner.reassign_weight": {"executed_lines": [275, 277, 278, 279, 281, 282, 284, 291, 301, 302, 305, 306, 309, 310, 311, 314, 315, 317, 318], "summary": {"covered_lines": 19, "num_statements": 20, "percent_covered": 95.0, "percent_covered_display": "95", "missing_lines": 1, "excluded_lines": 0}, "missing_lines": [285], "excluded_lines": []}, "ClusterAssigner.get_assignment": {"executed_lines": [330, 331], "summary": {"covered_lines": 2, "num_statements": 2, "percent_covered": 100.0, "percent_covered_display": "100", "missing_lines": 0, "excluded_lines": 0}, "missing_lines": [], "excluded_lines": []}, "ClusterAssigner.assign_by_nearest_centroid": {"executed_lines": [345, 347, 348, 351, 354, 355, 357, 358, 359, 360, 361, 363, 366, 367, 370, 372], "summary": {"covered_lines": 16, "num_statements": 18, "percent_covered": 88.88888888888889, "percent_covered_display": "89", "missing_lines": 2, "excluded_lines": 0}, "missing_lines": [349, 364], "excluded_lines": []}, "ClusterAssigner.assign_by_similarity_threshold": {"executed_lines": [393, 398, 399, 402, 403, 405, 408], "summary": {"covered_lines": 7, "num_statements": 8, "percent_covered": 87.5, "percent_covered_display": "88", "missing_lines": 1, "excluded_lines": 0}, "missing_lines": [406], "excluded_lines": []}, "ClusterAssigner.assign_by_quality_score": {"executed_lines": [427, 428, 429, 430, 431, 433, 438, 439, 440, 441, 449, 452, 457, 458, 459, 460, 461, 463, 467, 468, 470, 479, 485], "summary": {"covered_lines": 23, "num_statements": 25, "percent_covered": 92.0, "percent_covered_display": "92", "missing_lines": 2, "excluded_lines": 0}, "missing_lines": [435, 464], "excluded_lines": []}, "ClusterAssigner.assign_hierarchical": {"executed_lines": [497, 502, 503, 506, 507, 508, 510, 511, 513, 514, 515, 523, 532, 557], "summary": {"covered_lines": 14, "num_statements": 34, "percent_covered": 41.1764705882353, "percent_covered_display": "41", "missing_lines": 20, "excluded_lines": 0}, "missing_lines": [499, 516, 517, 519, 520, 521, 524, 527, 528, 529, 533, 534, 536, 537, 538, 540, 541, 543, 552, 554], "excluded_lines": []}, "ClusterAssigner.optimize_assignments": {"executed_lines": [566, 567, 568, 570, 571, 572, 574, 575, 578, 580, 581, 582, 585, 586, 588, 590, 591, 592, 593, 594, 601, 606, 607, 609, 613, 614, 616], "summary": {"covered_lines": 27, "num_statements": 31, "percent_covered": 87.09677419354838, "percent_covered_display": "87", "missing_lines": 4, "excluded_lines": 0}, "missing_lines": [602, 603, 610, 611], "excluded_lines": []}, "ClusterAssigner.rebalance_clusters": {"executed_lines": [636, 637, 640, 645, 646], "summary": {"covered_lines": 5, "num_statements": 28, "percent_covered": 17.857142857142858, "percent_covered_display": "18", "missing_lines": 23, "excluded_lines": 0}, "missing_lines": [649, 650, 653, 654, 656, 659, 660, 663, 665, 666, 668, 670, 671, 674, 675, 678, 685, 686, 687, 688, 689, 691, 693], "excluded_lines": []}, "ClusterAssigner.merge_similar_assignments": {"executed_lines": [710, 711, 714, 715, 717, 736, 738, 739, 742, 743, 769], "summary": {"covered_lines": 11, "num_statements": 30, "percent_covered": 36.666666666666664, "percent_covered_display": "37", "missing_lines": 19, "excluded_lines": 0}, "missing_lines": [718, 719, 720, 722, 723, 728, 729, 744, 745, 748, 749, 751, 754, 755, 756, 757, 759, 766, 767], "excluded_lines": []}, "ClusterAssigner.split_oversized_clusters": {"executed_lines": [786, 787, 789, 795, 802, 803, 804, 806, 808, 810, 814, 817, 823, 825, 826, 827, 830, 831, 833, 841, 847, 848, 851, 852, 853, 855, 862], "summary": {"covered_lines": 27, "num_statements": 29, "percent_covered": 93.10344827586206, "percent_covered_display": "93", "missing_lines": 2, "excluded_lines": 0}, "missing_lines": [796, 811], "excluded_lines": []}, "ClusterAssigner.evaluate_assignment_quality": {"executed_lines": [875, 876, 886, 887, 888, 890, 891, 895, 896, 898, 899, 900, 901, 902, 904, 905, 913, 914, 917, 918, 920, 921, 924, 925, 926, 927, 928, 929, 934, 935, 936, 937, 938, 940, 944, 947, 948, 949, 950, 951, 952, 953, 955, 957], "summary": {"covered_lines": 44, "num_statements": 47, "percent_covered": 93.61702127659575, "percent_covered_display": "94", "missing_lines": 3, "excluded_lines": 0}, "missing_lines": [877, 892, 931], "excluded_lines": []}, "ClusterAssigner.compute_assignment_stability": {"executed_lines": [979, 980, 983, 986, 989, 990, 991, 993, 994, 995, 1003, 1004, 1007, 1010, 1012], "summary": {"covered_lines": 15, "num_statements": 24, "percent_covered": 62.5, "percent_covered_display": "62", "missing_lines": 9, "excluded_lines": 0}, "missing_lines": [981, 984, 987, 996, 997, 998, 999, 1000, 1008], "excluded_lines": []}, "ClusterAssigner.find_misassigned_weights": {"executed_lines": [1030, 1031, 1033, 1035, 1038, 1041, 1042, 1053, 1055], "summary": {"covered_lines": 9, "num_statements": 10, "percent_covered": 90.0, "percent_covered_display": "90", "missing_lines": 1, "excluded_lines": 0}, "missing_lines": [1039], "excluded_lines": []}, "ClusterAssigner.suggest_reassignments": {"executed_lines": [1064, 1065, 1068, 1070, 1071, 1072, 1076, 1078, 1079, 1082, 1084], "summary": {"covered_lines": 11, "num_statements": 12, "percent_covered": 91.66666666666667, "percent_covered_display": "92", "missing_lines": 1, "excluded_lines": 0}, "missing_lines": [1073], "excluded_lines": []}, "ClusterAssigner.add_new_weight": {"executed_lines": [1097], "summary": {"covered_lines": 1, "num_statements": 1, "percent_covered": 100.0, "percent_covered_display": "100", "missing_lines": 0, "excluded_lines": 0}, "missing_lines": [], "excluded_lines": []}, "ClusterAssigner.update_cluster_centroids": {"executed_lines": [1109, 1110, 1111, 1113, 1115, 1117, 1118, 1121, 1122, 1123, 1126, 1127, 1129], "summary": {"covered_lines": 13, "num_statements": 13, "percent_covered": 100.0, "percent_covered_display": "100", "missing_lines": 0, "excluded_lines": 0}, "missing_lines": [], "excluded_lines": []}, "ClusterAssigner.handle_cluster_merge": {"executed_lines": [1146, 1147, 1150, 1151, 1152, 1153, 1156, 1157, 1158, 1161, 1162, 1163, 1165], "summary": {"covered_lines": 13, "num_statements": 13, "percent_covered": 100.0, "percent_covered_display": "100", "missing_lines": 0, "excluded_lines": 0}, "missing_lines": [], "excluded_lines": []}, "ClusterAssigner.handle_cluster_split": {"executed_lines": [1182, 1183, 1190, 1191, 1194, 1196, 1197, 1198, 1200, 1201, 1202, 1205, 1206, 1208], "summary": {"covered_lines": 14, "num_statements": 15, "percent_covered": 93.33333333333333, "percent_covered_display": "93", "missing_lines": 1, "excluded_lines": 0}, "missing_lines": [1184], "excluded_lines": []}, "ClusterAssigner.track_assignment_change": {"executed_lines": [1223, 1226, 1228, 1229, 1231, 1234, 1241], "summary": {"covered_lines": 7, "num_statements": 9, "percent_covered": 77.77777777777777, "percent_covered_display": "78", "missing_lines": 2, "excluded_lines": 0}, "missing_lines": [1224, 1242], "excluded_lines": []}, "ClusterAssigner.get_assignment_history": {"executed_lines": [1254, 1255, 1258], "summary": {"covered_lines": 3, "num_statements": 4, "percent_covered": 75.0, "percent_covered_display": "75", "missing_lines": 1, "excluded_lines": 0}, "missing_lines": [1256], "excluded_lines": []}, "ClusterAssigner.rollback_assignment": {"executed_lines": [1271, 1272, 1276, 1280, 1281, 1283, 1284], "summary": {"covered_lines": 7, "num_statements": 12, "percent_covered": 58.333333333333336, "percent_covered_display": "58", "missing_lines": 5, "excluded_lines": 0}, "missing_lines": [1273, 1274, 1277, 1278, 1286], "excluded_lines": []}, "ClusterAssigner.get_stability_metrics": {"executed_lines": [1295, 1296, 1303, 1304, 1306, 1307, 1308, 1310, 1311, 1312, 1313, 1316, 1319, 1320, 1321, 1322, 1324, 1325, 1328, 1335, 1336, 1339, 1340, 1341, 1342, 1343, 1345, 1347], "summary": {"covered_lines": 28, "num_statements": 29, "percent_covered": 96.55172413793103, "percent_covered_display": "97", "missing_lines": 1, "excluded_lines": 0}, "missing_lines": [1297], "excluded_lines": []}, "ClusterAssigner.assign_with_constraints": {"executed_lines": [1375, 1376, 1377, 1378, 1379, 1382, 1384, 1386, 1387, 1388, 1391, 1397, 1402, 1403, 1404, 1407, 1409, 1413], "summary": {"covered_lines": 18, "num_statements": 25, "percent_covered": 72.0, "percent_covered_display": "72", "missing_lines": 7, "excluded_lines": 0}, "missing_lines": [1392, 1393, 1394, 1398, 1399, 1405, 1410], "excluded_lines": []}, "ClusterAssigner.export_assignments": {"executed_lines": [1422, 1423, 1425, 1426, 1428, 1429, 1432, 1433, 1434, 1435, 1437], "summary": {"covered_lines": 11, "num_statements": 11, "percent_covered": 100.0, "percent_covered_display": "100", "missing_lines": 0, "excluded_lines": 0}, "missing_lines": [], "excluded_lines": []}, "ClusterAssigner.import_assignments": {"executed_lines": [1459, 1460, 1462, 1463, 1464, 1467, 1469, 1470, 1473, 1475, 1476, 1479, 1480, 1481, 1482, 1483, 1486, 1487, 1489, 1490], "summary": {"covered_lines": 20, "num_statements": 24, "percent_covered": 83.33333333333333, "percent_covered_display": "83", "missing_lines": 4, "excluded_lines": 0}, "missing_lines": [1471, 1492, 1493, 1494], "excluded_lines": []}, "ClusterAssigner._assign_nearest": {"executed_lines": [1500], "summary": {"covered_lines": 1, "num_statements": 1, "percent_covered": 100.0, "percent_covered_display": "100", "missing_lines": 0, "excluded_lines": 0}, "missing_lines": [], "excluded_lines": []}, "ClusterAssigner._assign_adaptive": {"executed_lines": [1505, 1510, 1515], "summary": {"covered_lines": 3, "num_statements": 4, "percent_covered": 75.0, "percent_covered_display": "75", "missing_lines": 1, "excluded_lines": 0}, "missing_lines": [1512], "excluded_lines": []}, "ClusterAssigner._store_assignment": {"executed_lines": [1520, 1521, 1524, 1525, 1526, 1528], "summary": {"covered_lines": 6, "num_statements": 6, "percent_covered": 100.0, "percent_covered_display": "100", "missing_lines": 0, "excluded_lines": 0}, "missing_lines": [], "excluded_lines": []}, "ClusterAssigner._get_reassignment_suggestions_for_weight": {"executed_lines": [1536, 1537, 1540, 1543, 1544, 1545, 1549, 1551, 1560, 1562], "summary": {"covered_lines": 10, "num_statements": 11, "percent_covered": 90.9090909090909, "percent_covered_display": "91", "missing_lines": 1, "excluded_lines": 0}, "missing_lines": [1538], "excluded_lines": []}, "ClusterAssigner.__len__": {"executed_lines": [], "summary": {"covered_lines": 0, "num_statements": 1, "percent_covered": 0.0, "percent_covered_display": "0", "missing_lines": 1, "excluded_lines": 0}, "missing_lines": [1566], "excluded_lines": []}, "ClusterAssigner.__contains__": {"executed_lines": [], "summary": {"covered_lines": 0, "num_statements": 1, "percent_covered": 0.0, "percent_covered_display": "0", "missing_lines": 1, "excluded_lines": 0}, "missing_lines": [1570], "excluded_lines": []}, "ClusterAssigner.__repr__": {"executed_lines": [], "summary": {"covered_lines": 0, "num_statements": 1, "percent_covered": 0.0, "percent_covered_display": "0", "missing_lines": 1, "excluded_lines": 0}, "missing_lines": [1574], "excluded_lines": []}, "": {"executed_lines": [1, 13, 14, 15, 16, 17, 18, 19, 20, 21, 22, 23, 25, 26, 29, 30, 31, 33, 36, 37, 38, 40, 41, 43, 51, 62, 80, 81, 82, 84, 85, 86, 87, 88, 89, 90, 91, 93, 115, 116, 127, 180, 216, 264, 320, 333, 380, 416, 487, 559, 626, 700, 776, 868, 969, 1020, 1057, 1086, 1099, 1135, 1171, 1214, 1244, 1260, 1288, 1358, 1415, 1449, 1498, 1502, 1517, 1534, 1564, 1568, 1572], "summary": {"covered_lines": 71, "num_statements": 71, "percent_covered": 100.0, "percent_covered_display": "100", "missing_lines": 0, "excluded_lines": 0}, "missing_lines": [], "excluded_lines": []}}, "classes": {"AssignmentHistory": {"executed_lines": [45, 54, 55, 59, 60, 64, 65, 67, 68, 69, 70, 72], "summary": {"covered_lines": 12, "num_statements": 13, "percent_covered": 92.3076923076923, "percent_covered_display": "92", "missing_lines": 1, "excluded_lines": 0}, "missing_lines": [56], "excluded_lines": []}, "AssignmentMetrics": {"executed_lines": [96, 104, 112], "summary": {"covered_lines": 3, "num_statements": 3, "percent_covered": 100.0, "percent_covered_display": "100", "missing_lines": 0, "excluded_lines": 0}, "missing_lines": [], "excluded_lines": []}, "ClusterAssigner": {"executed_lines": [145, 146, 147, 148, 149, 150, 153, 154, 155, 158, 159, 162, 170, 173, 175, 190, 192, 193, 197, 198, 199, 201, 203, 205, 206, 211, 212, 214, 226, 229, 231, 233, 235, 237, 238, 239, 240, 243, 244, 245, 246, 247, 252, 255, 256, 257, 258, 259, 260, 262, 275, 277, 278, 279, 281, 282, 284, 291, 301, 302, 305, 306, 309, 310, 311, 314, 315, 317, 318, 330, 331, 345, 347, 348, 351, 354, 355, 357, 358, 359, 360, 361, 363, 366, 367, 370, 372, 393, 398, 399, 402, 403, 405, 408, 427, 428, 429, 430, 431, 433, 438, 439, 440, 441, 449, 452, 457, 458, 459, 460, 461, 463, 467, 468, 470, 479, 485, 497, 502, 503, 506, 507, 508, 510, 511, 513, 514, 515, 523, 532, 557, 566, 567, 568, 570, 571, 572, 574, 575, 578, 580, 581, 582, 585, 586, 588, 590, 591, 592, 593, 594, 601, 606, 607, 609, 613, 614, 616, 636, 637, 640, 645, 646, 710, 711, 714, 715, 717, 736, 738, 739, 742, 743, 769, 786, 787, 789, 795, 802, 803, 804, 806, 808, 810, 814, 817, 823, 825, 826, 827, 830, 831, 833, 841, 847, 848, 851, 852, 853, 855, 862, 875, 876, 886, 887, 888, 890, 891, 895, 896, 898, 899, 900, 901, 902, 904, 905, 913, 914, 917, 918, 920, 921, 924, 925, 926, 927, 928, 929, 934, 935, 936, 937, 938, 940, 944, 947, 948, 949, 950, 951, 952, 953, 955, 957, 979, 980, 983, 986, 989, 990, 991, 993, 994, 995, 1003, 1004, 1007, 1010, 1012, 1030, 1031, 1033, 1035, 1038, 1041, 1042, 1053, 1055, 1064, 1065, 1068, 1070, 1071, 1072, 1076, 1078, 1079, 1082, 1084, 1097, 1109, 1110, 1111, 1113, 1115, 1117, 1118, 1121, 1122, 1123, 1126, 1127, 1129, 1146, 1147, 1150, 1151, 1152, 1153, 1156, 1157, 1158, 1161, 1162, 1163, 1165, 1182, 1183, 1190, 1191, 1194, 1196, 1197, 1198, 1200, 1201, 1202, 1205, 1206, 1208, 1223, 1226, 1228, 1229, 1231, 1234, 1241, 1254, 1255, 1258, 1271, 1272, 1276, 1280, 1281, 1283, 1284, 1295, 1296, 1303, 1304, 1306, 1307, 1308, 1310, 1311, 1312, 1313, 1316, 1319, 1320, 1321, 1322, 1324, 1325, 1328, 1335, 1336, 1339, 1340, 1341, 1342, 1343, 1345, 1347, 1375, 1376, 1377, 1378, 1379, 1382, 1384, 1386, 1387, 1388, 1391, 1397, 1402, 1403, 1404, 1407, 1409, 1413, 1422, 1423, 1425, 1426, 1428, 1429, 1432, 1433, 1434, 1435, 1437, 1459, 1460, 1462, 1463, 1464, 1467, 1469, 1470, 1473, 1475, 1476, 1479, 1480, 1481, 1482, 1483, 1486, 1487, 1489, 1490, 1500, 1505, 1510, 1515, 1520, 1521, 1524, 1525, 1526, 1528, 1536, 1537, 1540, 1543, 1544, 1545, 1549, 1551, 1560, 1562], "summary": {"covered_lines": 435, "num_statements": 558, "percent_covered": 77.95698924731182, "percent_covered_display": "78", "missing_lines": 123, "excluded_lines": 0}, "missing_lines": [194, 200, 202, 204, 209, 227, 248, 249, 250, 285, 349, 364, 406, 435, 464, 499, 516, 517, 519, 520, 521, 524, 527, 528, 529, 533, 534, 536, 537, 538, 540, 541, 543, 552, 554, 602, 603, 610, 611, 649, 650, 653, 654, 656, 659, 660, 663, 665, 666, 668, 670, 671, 674, 675, 678, 685, 686, 687, 688, 689, 691, 693, 718, 719, 720, 722, 723, 728, 729, 744, 745, 748, 749, 751, 754, 755, 756, 757, 759, 766, 767, 796, 811, 877, 892, 931, 981, 984, 987, 996, 997, 998, 999, 1000, 1008, 1039, 1073, 1184, 1224, 1242, 1256, 1273, 1274, 1277, 1278, 1286, 1297, 1392, 1393, 1394, 1398, 1399, 1405, 1410, 1471, 1492, 1493, 1494, 1512, 1538, 1566, 1570, 1574], "excluded_lines": []}, "": {"executed_lines": [1, 13, 14, 15, 16, 17, 18, 19, 20, 21, 22, 23, 25, 26, 29, 30, 31, 33, 36, 37, 38, 40, 41, 43, 51, 62, 80, 81, 82, 84, 85, 86, 87, 88, 89, 90, 91, 93, 115, 116, 127, 180, 216, 264, 320, 333, 380, 416, 487, 559, 626, 700, 776, 868, 969, 1020, 1057, 1086, 1099, 1135, 1171, 1214, 1244, 1260, 1288, 1358, 1415, 1449, 1498, 1502, 1517, 1534, 1564, 1568, 1572], "summary": {"covered_lines": 71, "num_statements": 71, "percent_covered": 100.0, "percent_covered_display": "100", "missing_lines": 0, "excluded_lines": 0}, "missing_lines": [], "excluded_lines": []}}}, "src/coral/clustering/cluster_config.py": {"executed_lines": [1, 3
[...]
 10, "excluded_lines": 0}, "missing_lines": [2195, 2203, 2204, 2205, 2210, 2211, 2212, 2213, 2215, 2217], "excluded_lines": []}, "Repository.import_clustering_config": {"executed_lines": [], "summary": {"covered_lines": 0, "num_statements": 15, "percent_covered": 0.0, "percent_covered_display": "0", "missing_lines": 15, "excluded_lines": 0}, "missing_lines": [2221, 2222, 2223, 2226, 2227, 2230, 2231, 2233, 2235, 2236, 2237, 2238, 2241, 2242, 2244], "excluded_lines": []}, "Repository.validate_clustering_config": {"executed_lines": [], "summary": {"covered_lines": 0, "num_statements": 13, "percent_covered": 0.0, "percent_covered_display": "0", "missing_lines": 13, "excluded_lines": 0}, "missing_lines": [2252, 2254, 2255, 2256, 2257, 2258, 2259, 2261, 2262, 2263, 2264, 2265, 2267], "excluded_lines": []}, "Repository.compare_clustering": {"executed_lines": [], "summary": {"covered_lines": 0, "num_statements": 5, "percent_covered": 0.0, "percent_covered_display": "0", "missing_lines": 5, "excluded_lines": 0}, "missing_lines": [2275, 2276, 2278, 2279, 2282], "excluded_lines": []}, "Repository.validate_clusters": {"executed_lines": [], "summary": {"covered_lines": 0, "num_statements": 13, "percent_covered": 0.0, "percent_covered_display": "0", "missing_lines": 13, "excluded_lines": 0}, "missing_lines": [2305, 2306, 2308, 2309, 2310, 2312, 2313, 2314, 2315, 2316, 2317, 2318, 2320], "excluded_lines": []}, "Repository.fix_clustering_errors": {"executed_lines": [], "summary": {"covered_lines": 0, "num_statements": 8, "percent_covered": 0.0, "percent_covered_display": "0", "missing_lines": 8, "excluded_lines": 0}, "missing_lines": [2328, 2329, 2331, 2333, 2334, 2336, 2338, 2340], "excluded_lines": []}, "Repository._calculate_similarity": {"executed_lines": [], "summary": {"covered_lines": 0, "num_statements": 9, "percent_covered": 0.0, "percent_covered_display": "0", "missing_lines": 9, "excluded_lines": 0}, "missing_lines": [2347, 2348, 2350, 2351, 2353, 2354, 2356, 2357, 2359], "excluded_lines": []}, "": {"executed_lines": [1, 2, 3, 4, 5, 6, 7, 8, 10, 12, 13, 14, 15, 16, 17, 18, 21, 25, 26, 34, 35, 38, 39, 40, 41, 42, 43, 44, 45, 48, 49, 50, 51, 52, 53, 54, 55, 56, 57, 60, 61, 62, 63, 64, 65, 66, 67, 70, 71, 72, 73, 74, 75, 76, 77, 78, 79, 82, 83, 84, 85, 86, 87, 88, 89, 90, 91, 94, 95, 96, 97, 98, 99, 100, 101, 104, 105, 106, 107, 108, 109, 110, 111, 112, 115, 116, 117, 118, 119, 120, 121, 122, 123, 124, 127, 128, 129, 130, 131, 132, 133, 134, 135, 138, 139, 140, 141, 142, 143, 144, 147, 148, 149, 150, 151, 152, 153, 156, 157, 159, 212, 253, 261, 267, 311, 398, 416, 437, 484, 506, 526, 549, 588, 603, 639, 700, 743, 763, 821, 846, 956, 1028, 1134, 1191, 1250, 1325, 1365, 1425, 1465, 1551, 1585, 1616, 1648, 1709, 1750, 1767, 1806, 1812, 1849, 1871, 1932, 1974, 2019, 2058, 2092, 2117, 2149, 2193, 2219, 2250, 2272, 2303, 2326, 2345], "summary": {"covered_lines": 162, "num_statements": 163, "percent_covered": 99.38650306748467, "percent_covered_display": "99", "missing_lines": 1, "excluded_lines": 0}, "missing_lines": [27], "excluded_lines": []}}, "classes": {"ClusteringOpportunities": {"executed_lines": [], "summary": {"covered_lines": 0, "num_statements": 0, "percent_covered": 100.0, "percent_covered_display": "100", "missing_lines": 0, "excluded_lines": 0}, "missing_lines": [], "excluded_lines": []}, "RepositoryClusteringResult": {"executed_lines": [], "summary": {"covered_lines": 0, "num_statements": 0, "percent_covered": 100.0, "percent_covered_display": "100", "missing_lines": 0, "excluded_lines": 0}, "missing_lines": [], "excluded_lines": []}, "ClusterOptimizationResult": {"executed_lines": [], "summary": {"covered_lines": 0, "num_statements": 0, "percent_covered": 100.0, "percent_covered_display": "100", "missing_lines": 0, "excluded_lines": 0}, "missing_lines": [], "excluded_lines": []}, "CommitClusterInfo": {"executed_lines": [], "summary": {"covered_lines": 0, "num_statements": 0, "percent_covered": 100.0, "percent_covered_display": "100", "missing_lines": 0, "excluded_lines": 0}, "missing_lines": [], "excluded_lines": []}, "ClusteringComparison": {"executed_lines": [], "summary": {"covered_lines": 0, "num_statements": 0, "percent_covered": 100.0, "percent_covered_display": "100", "missing_lines": 0, "excluded_lines": 0}, "missing_lines": [], "excluded_lines": []}, "BranchClusteringResult": {"executed_lines": [], "summary": {"covered_lines": 0, "num_statements": 0, "percent_covered": 100.0, "percent_covered_display": "100", "missing_lines": 0, "excluded_lines": 0}, "missing_lines": [], "excluded_lines": []}, "BranchStorageOptimization": {"executed_lines": [], "summary": {"covered_lines": 0, "num_statements": 0, "percent_covered": 100.0, "percent_covered_display": "100", "missing_lines": 0, "excluded_lines": 0}, "missing_lines": [], "excluded_lines": []}, "BranchClusterSummary": {"executed_lines": [], "summary": {"covered_lines": 0, "num_statements": 0, "percent_covered": 100.0, "percent_covered_display": "100", "missing_lines": 0, "excluded_lines": 0}, "missing_lines": [], "excluded_lines": []}, "ClusterStatistics": {"executed_lines": [], "summary": {"covered_lines": 0, "num_statements": 0, "percent_covered": 100.0, "percent_covered_display": "100", "missing_lines": 0, "excluded_lines": 0}, "missing_lines": [], "excluded_lines": []}, "ClusterMigrationResult": {"executed_lines": [], "summary": {"covered_lines": 0, "num_statements": 0, "percent_covered": 100.0, "percent_covered_display": "100", "missing_lines": 0, "excluded_lines": 0}, "missing_lines": [], "excluded_lines": []}, "ClusterPerformanceMetrics": {"executed_lines": [], "summary": {"covered_lines": 0, "num_statements": 0, "percent_covered": 100.0, "percent_covered_display": "100", "missing_lines": 0, "excluded_lines": 0}, "missing_lines": [], "excluded_lines": []}, "Repository": {"executed_lines": [160, 161, 163, 164, 165, 166, 169, 172, 173, 176, 178, 179, 180, 183, 185, 196, 197, 198, 199, 202, 203, 204, 207, 210, 214, 215, 218, 219, 220, 221, 222, 223, 226, 235, 236, 239, 240, 244, 245, 250, 251, 255, 256, 257, 258, 263, 264, 265, 269, 271, 275, 277, 280, 281, 284, 285, 286, 287, 288, 289, 294, 297, 306, 307, 309, 320, 321, 322, 324, 325, 328, 329, 331, 336, 340, 341, 342, 345, 354, 355, 356, 358, 360, 365, 368, 374, 379, 387, 388, 391, 394, 396, 401, 402, 403, 404, 407, 408, 414, 418, 430, 431, 432, 435, 439, 442, 443, 445, 449, 453, 458, 459, 460, 463, 464, 465, 470, 475, 478, 482, 490, 491, 492, 493, 495, 496, 498, 503, 504, 510, 512, 513, 515, 516, 517, 519, 521, 522, 530, 531, 532, 534, 535, 536, 538, 539, 540, 541, 544, 545, 547, 551, 556, 557, 559, 560, 562, 570, 573, 574, 580, 586, 590, 591, 593, 594, 595, 597, 601, 611, 612, 613, 615, 618, 620, 628, 631, 632, 634, 635, 637, 643, 645, 649, 650, 652, 656, 658, 660, 661, 663, 668, 672, 677, 680, 683, 685, 690, 698, 704, 706, 707, 708, 710, 711, 713, 714, 715, 718, 720, 721, 722, 725, 726, 727, 731, 738, 739, 741, 765, 766, 772, 779, 783, 787, 791, 795, 799, 803, 808, 813, 816, 819, 824, 825, 827, 829, 831, 832, 840, 841, 842, 843, 844, 848, 850, 856, 857, 860, 870, 925, 940, 942, 943, 944, 946, 948, 949, 952, 964, 966, 969, 972, 973, 976, 977, 979, 980, 981, 982, 983, 986, 987, 989, 991, 992, 995, 997, 998, 1001, 1002, 1005, 1006, 1007, 1008, 1009, 1010, 1011, 1015, 1019, 1020, 1024, 1026, 1041, 1042, 1044, 1046, 1047, 1048, 1054, 1056, 1058, 1060, 1062, 1065, 1066, 1068, 1069, 1070, 1071, 1072, 1075, 1076, 1078, 1079, 1080, 1083, 1084, 1086, 1087, 1091, 1093, 1096, 1097, 1100, 1101, 1104, 1107, 1108, 1113, 1114, 1116, 1117, 1118, 1119, 1120, 1121, 1122, 1124, 1127, 1128, 1129, 1130, 1132, 1147, 1149, 1152, 1154, 1156, 1157, 1159, 1160, 1161, 1162, 1164, 1168, 1169, 1174, 1176, 1179, 1180, 1181, 1182, 1185, 1186, 1187, 1189, 1198, 1200, 1202, 1204, 1205, 1208, 1209, 1211, 1212, 1213, 1214, 1215, 1218, 1219, 1220, 1221, 1224, 1226, 1227, 1230, 1234, 1235, 1238, 1239, 1240, 1243, 1244, 1246, 1272, 1275, 1276, 1279, 1280, 1282, 1283, 1291, 1292, 1293, 1294, 1297, 1298, 1301, 1302, 1306, 1308, 1311, 1318, 1323, 1335, 1337, 1338, 1341, 1342, 1344, 1346, 1347, 1348, 1349, 1350, 1351, 1354, 1355, 1356, 1357, 1358, 1359, 1360, 1363, 1380, 1381, 1383, 1386, 1392, 1393, 1394, 1396, 1398, 1399, 1401, 1402, 1404, 1405, 1406, 1407, 1409, 1410, 1411, 1412, 1414, 1415, 1416, 1419, 1420, 1423, 1441, 1444, 1445, 1448, 1449, 1452, 1453, 1459, 1461, 1480, 1482, 1485, 1486, 1490, 1491, 1494, 1499, 1500, 1501, 1502, 1503, 1504, 1505, 1506, 1509, 1510, 1513, 1514, 1515, 1518, 1519, 1520, 1524, 1549, 1567, 1568, 1570, 1577, 1578, 1580, 1581, 1583, 1598, 1601, 1604, 1605, 1608, 1609, 1611, 1612, 1614, 1626, 1629, 1630, 1633, 1636, 1637, 1638, 1639, 1640, 1641, 1642, 1644, 1646, 1658, 1661, 1662, 1665, 1666, 1669, 1670, 1671, 1673, 1674, 1675, 1676, 1677, 1679, 1690, 1691, 1693, 1694, 1696, 1699, 1705, 1716, 1717, 1719, 1722, 1723, 1730, 1733, 1734, 1737, 1738, 1741, 1742, 1743, 1744, 1746, 1748, 1757, 1764, 1765, 1774, 1775, 1778, 1780, 1793, 1800, 1803, 1804, 1808, 1809, 1810, 1823, 1825, 1827, 1829, 1830, 1831, 1832, 1833, 1836, 1837, 1839, 1840, 1844, 1845, 1847, 1852, 1854, 1855, 1858, 1859, 1860, 1861, 1863, 1867, 1884, 1885, 1888, 1889, 1890, 1893, 1894, 1902, 1909, 1910, 1911, 1914, 1915, 1917, 1919, 1922, 1934, 1935], "summary": {"covered_lines": 618, "num_statements": 889, "percent_covered": 69.51631046119235, "percent_covered_display": "70", "missing_lines": 271, "excluded_lines": 0}, "missing_lines": [259, 333, 334, 337, 362, 410, 411, 412, 420, 421, 422, 423, 424, 425, 427, 433, 446, 450, 553, 554, 616, 646, 647, 664, 665, 694, 695, 729, 730, 733, 734, 746, 748, 749, 752, 753, 754, 755, 757, 758, 759, 761, 1013, 1051, 1052, 1110, 1150, 1165, 1284, 1285, 1287, 1288, 1339, 1384, 1487, 1495, 1496, 1516, 1526, 1529, 1530, 1533, 1534, 1537, 1540, 1571, 1631, 1663, 1680, 1681, 1682, 1685, 1686, 1687, 1688, 1697, 1782, 1784, 1785, 1841, 1842, 1864, 1865, 1895, 1896, 1897, 1898, 1899, 1903, 1905, 1906, 1916, 1918, 1920, 1938, 1941, 1942, 1944, 1945, 1946, 1947, 1948, 1949, 1950, 1951, 1952, 1953, 1954, 1956, 1957, 1959, 1976, 1977, 1979, 1980, 1981, 1982, 1984, 1985, 1992, 1995, 1997, 2011, 2012, 2017, 2024, 2025, 2029, 2030, 2033, 2034, 2037, 2045, 2047, 2049, 2061, 2062, 2064, 2065, 2066, 2069, 2070, 2071, 2072, 2073, 2075, 2076, 2077, 2079, 2080, 2081, 2083, 2095, 2096, 2097, 2099, 2101, 2102, 2103, 2104, 2105, 2106, 2107, 2108, 2110, 2119, 2121, 2122, 2123, 2124, 2126, 2127, 2128, 2130, 2131, 2140, 2141, 2142, 2143, 2144, 2145, 2147, 2151, 2152, 2154, 2155, 2156, 2158, 2161, 2162, 2164, 2165, 2166, 2167, 2168, 2169, 2170, 2176, 2195, 2203, 2204, 2205, 2210, 2211, 2212, 2213, 2215, 2217, 2221, 2222, 2223, 2226, 2227, 2230, 2231, 2233, 2235, 2236, 2237, 2238, 2241, 2242, 2244, 2252, 2254, 2255, 2256, 2257, 2258, 2259, 2261, 2262, 2263, 2264, 2265, 2267, 2275, 2276, 2278, 2279, 2282, 2305, 2306, 2308, 2309, 2310, 2312, 2313, 2314, 2315, 2316, 2317, 2318, 2320, 2328, 2329, 2331, 2333, 2334, 2336, 2338, 2340, 2347, 2348, 2350, 2351, 2353, 2354, 2356, 2357, 2359], "excluded_lines": []}, "Repository._create_cluster_storage_wrapper.ClusterStorageWrapper": {"executed_lines": [767, 768, 769, 770, 774, 775, 776, 777, 781, 785, 789, 793, 797, 801, 805, 806], "summary": {"covered_lines": 16, "num_statements": 20, "percent_covered": 80.0, "percent_covered_display": "80", "missing_lines": 4, "excluded_lines": 0}, "missing_lines": [810, 811, 814, 817], "excluded_lines": []}, "Repository._ensure_clustering_initialized.ClusterAnalyzerWrapper": {"executed_lines": [858, 862, 863, 864, 865, 866, 867, 868, 872, 882, 883, 884, 886, 887, 888, 897, 898, 899, 906, 907, 909, 918, 927, 930, 931, 938], "summary": {"covered_lines": 26, "num_statements": 28, "percent_covered": 92.85714285714286, "percent_covered_display": "93", "missing_lines": 2, "excluded_lines": 0}, "missing_lines": [874, 928], "excluded_lines": []}, "Repository._ensure_clustering_initialized.ClusterAnalyzerWrapper.optimize_clusters.OptimizationResult": {"executed_lines": [932, 933, 934, 935, 936], "summary": {"covered_lines": 5, "num_statements": 5, "percent_covered": 100.0, "percent_covered_display": "100", "missing_lines": 0, "excluded_lines": 0}, "missing_lines": [], "excluded_lines": []}, "Repository._ensure_clustering_initialized.ClusterAssignerWrapper": {"executed_lines": [950], "summary": {"covered_lines": 1, "num_statements": 1, "percent_covered": 100.0, "percent_covered_display": "100", "missing_lines": 0, "excluded_lines": 0}, "missing_lines": [], "excluded_lines": []}, "": {"executed_lines": [1, 2, 3, 4, 5, 6, 7, 8, 10, 12, 13, 14, 15, 16, 17, 18, 21, 25, 26, 34, 35, 38, 39, 40, 41, 42, 43, 44, 45, 48, 49, 50, 51, 52, 53, 54, 55, 56, 57, 60, 61, 62, 63, 64, 65, 66, 67, 70, 71, 72, 73, 74, 75, 76, 77, 78, 79, 82, 83, 84, 85, 86, 87, 88, 89, 90, 91, 94, 95, 96, 97, 98, 99, 100, 101, 104, 105, 106, 107, 108, 109, 110, 111, 112, 115, 116, 117, 118, 119, 120, 121, 122, 123, 124, 127, 128, 129, 130, 131, 132, 133, 134, 135, 138, 139, 140, 141, 142, 143, 144, 147, 148, 149, 150, 151, 152, 153, 156, 157, 159, 212, 253, 261, 267, 311, 398, 416, 437, 484, 506, 526, 549, 588, 603, 639, 700, 743, 763, 821, 846, 956, 1028, 1134, 1191, 1250, 1325, 1365, 1425, 1465, 1551, 1585, 1616, 1648, 1709, 1750, 1767, 1806, 1812, 1849, 1871, 1932, 1974, 2019, 2058, 2092, 2117, 2149, 2193, 2219, 2250, 2272, 2303, 2326, 2345], "summary": {"covered_lines": 162, "num_statements": 163, "percent_covered": 99.38650306748467, "percent_covered_display": "99", "missing_lines": 1, "excluded_lines": 0}, "missing_lines": [27], "excluded_lines": []}}}, "src/coral/version_control/version.py": {"executed_lines": [1, 2, 4, 6, 9, 10, 11, 13, 14, 15, 16, 17, 19, 21, 29, 30, 32, 35, 36, 38, 39, 40, 41, 43, 45, 46, 48, 49, 50, 52, 54, 56, 58, 60, 64, 66, 69, 71, 73, 76, 78, 82, 85, 86, 88, 89, 94, 95, 96, 97, 101, 111, 115, 116, 117, 119, 120, 123, 124, 127, 128, 130, 132, 134, 136, 149, 159], "summary": {"covered_lines": 65, "num_statements": 90, "percent_covered": 72.22222222222223, "percent_covered_display": "72", "missing_lines": 25, "excluded_lines": 0}, "missing_lines": [62, 67, 74, 83, 90, 99, 103, 104, 106, 107, 108, 109, 121, 140, 142, 143, 144, 145, 147, 151, 153, 154, 155, 157, 161], "excluded_lines": [], "functions": {"Version.to_dict": {"executed_lines": [21], "summary": {"covered_lines": 1, "num_statements": 1, "percent_covered": 100.0, "percent_covered_display": "100", "missing_lines": 0, "excluded_lines": 0}, "missing_lines": [], "excluded_lines": []}, "Version.from_dict": {"executed_lines": [32], "summary": {"covered_lines": 1, "num_statements": 1, "percent_covered": 100.0, "percent_covered_display": "100", "missing_lines": 0, "excluded_lines": 0}, "missing_lines": [], "excluded_lines": []}, "VersionGraph.__init__": {"executed_lines": [39, 40, 41], "summary": {"covered_lines": 3, "num_statements": 3, "percent_covered": 100.0, "percent_covered_display": "100", "missing_lines": 0, "excluded_lines": 0}, "missing_lines": [], "excluded_lines": []}, "VersionGraph.add_commit": {"executed_lines": [45, 46, 48, 49, 50], "summary": {"covered_lines": 5, "num_statements": 5, "percent_covered": 100.0, "percent_covered_display": "100", "missing_lines": 0, "excluded_lines": 0}, "missing_lines": [], "excluded_lines": []}, "VersionGraph.add_version": {"executed_lines": [54], "summary": {"covered_lines": 1, "num_statements": 1, "percent_covered": 100.0, "percent_covered_display": "100", "missing_lines": 0, "excluded_lines": 0}, "missing_lines": [], "excluded_lines": []}, "VersionGraph.get_commit": {"executed_lines": [58], "summary": {"covered_lines": 1, "num_statements": 1, "percent_covered": 100.0, "percent_covered_display": "100", "missing_lines": 0, "excluded_lines": 0}, "missing_lines": [], "excluded_lines": []}, "VersionGraph.get_version": {"executed_lines": [], "summary": {"covered_lines": 0, "num_statements": 1, "percent_covered": 0.0, "percent_covered_display": "0", "missing_lines": 1, "excluded_lines": 0}, "missing_lines": [62], "excluded_lines": []}, "VersionGraph.get_commit_ancestors": {"executed_lines": [66, 69], "summary": {"covered_lines": 2, "num_statements": 3, "percent_covered": 66.66666666666667, "percent_covered_display": "67", "missing_lines": 1, "excluded_lines": 0}, "missing_lines": [67], "excluded_lines": []}, "VersionGraph.get_commit_descendants": {"executed_lines": [73, 76], "summary": {"covered_lines": 2, "num_statements": 3, "percent_covered": 66.66666666666667, "percent_covered_display": "67", "missing_lines": 1, "excluded_lines": 0}, "missing_lines": [74], "excluded_lines": []}, "VersionGraph.get_common_ancestor": {"executed_lines": [82, 85, 86, 88, 89, 94, 95, 96, 97], "summary": {"covered_lines": 9, "num_statements": 12, "percent_covered": 75.0, "percent_covered_display": "75", "missing_lines": 3, "excluded_lines": 0}, "missing_lines": [83, 90, 99], "excluded_lines": []}, "VersionGraph.get_commit_path": {"executed_lines": [], "summary": {"covered_lines": 0, "num_statements": 6, "percent_covered": 0.0, "percent_covered_display": "0", "missing_lines": 6, "excluded_lines": 0}, "missing_lines": [103, 104, 106, 107, 108, 109], "excluded_lines": []}, "VersionGraph.get_branch_history": {"executed_lines": [115, 116, 117, 119, 120, 123, 124, 127, 128, 130, 132, 134], "summary": {"covered_lines": 12, "num_statements": 13, "percent_covered": 92.3076923076923, "percent_covered_display": "92", "missing_lines": 1, "excluded_lines": 0}, "missing_lines": [121], "excluded_lines": []}, "VersionGraph.get_weight_history": {"executed_lines": [], "summary": {"covered_lines": 0, "num_statements": 6, "percent_covered": 0.0, "percent_covered_display": "0", "missing_lines": 6, "excluded_lines": 0}, "missing_lines": [140, 142, 143, 144, 145, 147], "excluded_lines": []}, "VersionGraph.find_commits_with_weight": {"executed_lines": [], "summary": {"covered_lines": 0, "num_statements": 5, "percent_covered": 0.0, "percent_covered_display": "0", "missing_lines": 5, "excluded_lines": 0}, "missing_lines": [151, 153, 154, 155, 157], "excluded_lines": []}, "VersionGraph.get_divergence_point": {"executed_lines": [], "summary": {"covered_lines": 0, "num_statements": 1, "percent_covered": 0.0, "percent_covered_display": "0", "missing_lines": 1, "excluded_lines": 0}, "missing_lines": [161], "excluded_lines": []}, "": {"executed_lines": [1, 2, 4, 6, 9, 10, 11, 13, 14, 15, 16, 17, 19, 29, 30, 35, 36, 38, 43, 52, 56, 60, 64, 71, 78, 101, 111, 136, 149, 159], "summary": {"covered_lines": 28, "num_statements": 28, "percent_covered": 100.0, "percent_covered_display": "100", "missing_lines": 0, "excluded_lines": 0}, "missing_lines": [], "excluded_lines": []}}, "classes": {"Version": {"executed_lines": [21, 32], "summary": {"covered_lines": 2, "num_statements": 2, "percent_covered": 100.0, "percent_covered_display": "100", "missing_lines": 0, "excluded_lines": 0}, "missing_lines": [], "excluded_lines": []}, "VersionGraph": {"executed_lines": [39, 40, 41, 45, 46, 48, 49, 50, 54, 58, 66, 69, 73, 76, 82, 85, 86, 88, 89, 94, 95, 96, 97, 115, 116, 117, 119, 120, 123, 124, 127, 128, 130, 132, 134], "summary": {"covered_lines": 35, "num_statements": 60, "percent_covered": 58.333333333333336, "percent_covered_display": "58", "missing_lines": 25, "excluded_lines": 0}, "missing_lines": [62, 67, 74, 83, 90, 99, 103, 104, 106, 107, 108, 109, 121, 140, 142, 143, 144, 145, 147, 151, 153, 154, 155, 157, 161], "excluded_lines": []}, "": {"executed_lines": [1, 2, 4, 6, 9, 10, 11, 13, 14, 15, 16, 17, 19, 29, 30, 35, 36, 38, 43, 52, 56, 60, 64, 71, 78, 101, 111, 136, 149, 159], "summary": {"covered_lines": 28, "num_statements": 28, "percent_covered": 100.0, "percent_covered_display": "100", "missing_lines": 0, "excluded_lines": 0}, "missing_lines": [], "excluded_lines": []}}}}, "totals": {"covered_lines": 7136, "num_statements": 8997, "percent_covered": 79.31532733133267, "percent_covered_display": "79", "missing_lines": 1861, "excluded_lines": 0}}